0 info it worked if it ends with ok
1 verbose cli [ '/usr/bin/node', '/usr/bin/npm', 'install', 'node-dht-sensor' ]
2 info using npm@3.5.2
3 info using node@v8.10.0
4 silly loadCurrentTree Starting
5 silly install loadCurrentTree
6 silly install readLocalPackageData
7 silly fetchPackageMetaData node-dht-sensor
8 silly fetchNamedPackageData node-dht-sensor
9 silly mapToRegistry name node-dht-sensor
10 silly mapToRegistry using default registry
11 silly mapToRegistry registry https://registry.npmjs.org/
12 silly mapToRegistry uri https://registry.npmjs.org/node-dht-sensor
13 verbose request uri https://registry.npmjs.org/node-dht-sensor
14 verbose request no auth needed
15 info attempt registry request try #1 at 16:57:31
16 verbose request id e8c30bb6b0aba3ab
17 verbose etag W/"0a74e3d4ebf8f9c6d5b96c0caed67294"
18 verbose lastModified Sat, 11 May 2019 12:06:53 GMT
19 http request GET https://registry.npmjs.org/node-dht-sensor
20 http 304 https://registry.npmjs.org/node-dht-sensor
21 verbose headers { date: 'Sun, 23 Jun 2019 14:57:31 GMT',
21 verbose headers   connection: 'keep-alive',
21 verbose headers   'set-cookie':
21 verbose headers    [ '__cfduid=d53bcc109e553d23b4a45a5e00d5293481561301851; expires=Mon, 22-Jun-20 14:57:31 GMT; path=/; domain=.npmjs.org; HttpOnly' ],
21 verbose headers   'cf-cache-status': 'HIT',
21 verbose headers   'cache-control': 'max-age=300',
21 verbose headers   'cf-ray': '4eb7509c4fc66b3b-WAW',
21 verbose headers   etag: '"0a74e3d4ebf8f9c6d5b96c0caed67294"',
21 verbose headers   'expect-ct': 'max-age=604800, report-uri="https://report-uri.cloudflare.com/cdn-cgi/beacon/expect-ct"',
21 verbose headers   'last-modified': 'Sat, 11 May 2019 12:06:53 GMT',
21 verbose headers   vary: 'accept-encoding, accept',
21 verbose headers   'x-amz-meta-rev': '55-87f7204b9e90659b9ef9348e7b566434',
21 verbose headers   server: 'cloudflare' }
22 silly get cb [ 304,
22 silly get   { date: 'Sun, 23 Jun 2019 14:57:31 GMT',
22 silly get     connection: 'keep-alive',
22 silly get     'set-cookie':
22 silly get      [ '__cfduid=d53bcc109e553d23b4a45a5e00d5293481561301851; expires=Mon, 22-Jun-20 14:57:31 GMT; path=/; domain=.npmjs.org; HttpOnly' ],
22 silly get     'cf-cache-status': 'HIT',
22 silly get     'cache-control': 'max-age=300',
22 silly get     'cf-ray': '4eb7509c4fc66b3b-WAW',
22 silly get     etag: '"0a74e3d4ebf8f9c6d5b96c0caed67294"',
22 silly get     'expect-ct': 'max-age=604800, report-uri="https://report-uri.cloudflare.com/cdn-cgi/beacon/expect-ct"',
22 silly get     'last-modified': 'Sat, 11 May 2019 12:06:53 GMT',
22 silly get     vary: 'accept-encoding, accept',
22 silly get     'x-amz-meta-rev': '55-87f7204b9e90659b9ef9348e7b566434',
22 silly get     server: 'cloudflare' } ]
23 verbose etag https://registry.npmjs.org/node-dht-sensor from cache
24 verbose get saving node-dht-sensor to /home/marcin/.npm/registry.npmjs.org/node-dht-sensor/.cache.json
25 silly install normalizeTree
26 silly loadCurrentTree Finishing
27 silly loadIdealTree Starting
28 silly install loadIdealTree
29 silly cloneCurrentTree Starting
30 silly install cloneCurrentTreeToIdealTree
31 silly cloneCurrentTree Finishing
32 silly loadShrinkwrap Starting
33 silly install loadShrinkwrap
34 silly loadShrinkwrap Finishing
35 silly loadAllDepsIntoIdealTree Starting
36 silly install loadAllDepsIntoIdealTree
37 silly resolveWithNewModule node-dht-sensor@0.3.0 checking installable status
38 silly cache add args [ 'node-dht-sensor', null ]
39 verbose cache add spec node-dht-sensor
40 silly cache add parsed spec Result {
40 silly cache add   raw: 'node-dht-sensor',
40 silly cache add   scope: null,
40 silly cache add   name: 'node-dht-sensor',
40 silly cache add   rawSpec: '',
40 silly cache add   spec: 'latest',
40 silly cache add   type: 'tag' }
41 silly addNamed node-dht-sensor@latest
42 verbose addNamed "latest" is being treated as a dist-tag for node-dht-sensor
43 info addNameTag [ 'node-dht-sensor', 'latest' ]
44 silly mapToRegistry name node-dht-sensor
45 silly mapToRegistry using default registry
46 silly mapToRegistry registry https://registry.npmjs.org/
47 silly mapToRegistry uri https://registry.npmjs.org/node-dht-sensor
48 verbose addNameTag registry:https://registry.npmjs.org/node-dht-sensor not in flight; fetching
49 verbose get https://registry.npmjs.org/node-dht-sensor not expired, no request
50 silly addNameTag next cb for node-dht-sensor with tag latest
51 silly addNamed node-dht-sensor@0.3.0
52 verbose addNamed "0.3.0" is a plain semver version for node-dht-sensor
53 silly cache afterAdd node-dht-sensor@0.3.0
54 verbose afterAdd /home/marcin/.npm/node-dht-sensor/0.3.0/package/package.json not in flight; writing
55 verbose afterAdd /home/marcin/.npm/node-dht-sensor/0.3.0/package/package.json written
56 silly fetchNamedPackageData node-addon-api
57 silly mapToRegistry name node-addon-api
58 silly mapToRegistry using default registry
59 silly mapToRegistry registry https://registry.npmjs.org/
60 silly mapToRegistry uri https://registry.npmjs.org/node-addon-api
61 verbose request uri https://registry.npmjs.org/node-addon-api
62 verbose request no auth needed
63 info attempt registry request try #1 at 16:57:32
64 verbose etag W/"b0b8663cb5e0ff3ef35c2702f056c521"
65 verbose lastModified Wed, 03 Apr 2019 21:36:45 GMT
66 http request GET https://registry.npmjs.org/node-addon-api
67 http 304 https://registry.npmjs.org/node-addon-api
68 verbose headers { date: 'Sun, 23 Jun 2019 14:57:31 GMT',
68 verbose headers   connection: 'keep-alive',
68 verbose headers   'set-cookie':
68 verbose headers    [ '__cfduid=d53bcc109e553d23b4a45a5e00d5293481561301851; expires=Mon, 22-Jun-20 14:57:31 GMT; path=/; domain=.npmjs.org; HttpOnly' ],
68 verbose headers   'cf-cache-status': 'HIT',
68 verbose headers   'cache-control': 'max-age=300',
68 verbose headers   'cf-ray': '4eb7509e79b76b3b-WAW',
68 verbose headers   etag: '"b0b8663cb5e0ff3ef35c2702f056c521"',
68 verbose headers   'expect-ct': 'max-age=604800, report-uri="https://report-uri.cloudflare.com/cdn-cgi/beacon/expect-ct"',
68 verbose headers   'last-modified': 'Wed, 03 Apr 2019 21:36:45 GMT',
68 verbose headers   vary: 'accept-encoding, accept',
68 verbose headers   'x-amz-meta-rev': '31-3a1f2eb3e9f255c1588645cc512f801b',
68 verbose headers   server: 'cloudflare' }
69 silly get cb [ 304,
69 silly get   { date: 'Sun, 23 Jun 2019 14:57:31 GMT',
69 silly get     connection: 'keep-alive',
69 silly get     'set-cookie':
69 silly get      [ '__cfduid=d53bcc109e553d23b4a45a5e00d5293481561301851; expires=Mon, 22-Jun-20 14:57:31 GMT; path=/; domain=.npmjs.org; HttpOnly' ],
69 silly get     'cf-cache-status': 'HIT',
69 silly get     'cache-control': 'max-age=300',
69 silly get     'cf-ray': '4eb7509e79b76b3b-WAW',
69 silly get     etag: '"b0b8663cb5e0ff3ef35c2702f056c521"',
69 silly get     'expect-ct': 'max-age=604800, report-uri="https://report-uri.cloudflare.com/cdn-cgi/beacon/expect-ct"',
69 silly get     'last-modified': 'Wed, 03 Apr 2019 21:36:45 GMT',
69 silly get     vary: 'accept-encoding, accept',
69 silly get     'x-amz-meta-rev': '31-3a1f2eb3e9f255c1588645cc512f801b',
69 silly get     server: 'cloudflare' } ]
70 verbose etag https://registry.npmjs.org/node-addon-api from cache
71 verbose get saving node-addon-api to /home/marcin/.npm/registry.npmjs.org/node-addon-api/.cache.json
72 silly resolveWithNewModule node-addon-api@1.6.3 checking installable status
73 silly cache add args [ 'node-addon-api@^1.6.3', null ]
74 verbose cache add spec node-addon-api@^1.6.3
75 silly cache add parsed spec Result {
75 silly cache add   raw: 'node-addon-api@^1.6.3',
75 silly cache add   scope: null,
75 silly cache add   name: 'node-addon-api',
75 silly cache add   rawSpec: '^1.6.3',
75 silly cache add   spec: '>=1.6.3 <2.0.0',
75 silly cache add   type: 'range' }
76 silly addNamed node-addon-api@>=1.6.3 <2.0.0
77 verbose addNamed ">=1.6.3 <2.0.0" is a valid semver range for node-addon-api
78 silly addNameRange { name: 'node-addon-api',
78 silly addNameRange   range: '>=1.6.3 <2.0.0',
78 silly addNameRange   hasData: false }
79 silly mapToRegistry name node-addon-api
80 silly mapToRegistry using default registry
81 silly mapToRegistry registry https://registry.npmjs.org/
82 silly mapToRegistry uri https://registry.npmjs.org/node-addon-api
83 verbose addNameRange registry:https://registry.npmjs.org/node-addon-api not in flight; fetching
84 verbose get https://registry.npmjs.org/node-addon-api not expired, no request
85 silly addNameRange number 2 { name: 'node-addon-api',
85 silly addNameRange   range: '>=1.6.3 <2.0.0',
85 silly addNameRange   hasData: true }
86 silly addNameRange versions [ 'node-addon-api',
86 silly addNameRange   [ '0.1.0',
86 silly addNameRange     '0.2.0',
86 silly addNameRange     '0.3.0',
86 silly addNameRange     '0.3.1',
86 silly addNameRange     '0.3.4',
86 silly addNameRange     '0.3.5',
86 silly addNameRange     '0.4.0',
86 silly addNameRange     '0.5.0',
86 silly addNameRange     '0.5.1',
86 silly addNameRange     '0.6.2',
86 silly addNameRange     '0.6.3',
86 silly addNameRange     '1.0.0',
86 silly addNameRange     '1.1.0',
86 silly addNameRange     '1.2.0',
86 silly addNameRange     '1.3.0',
86 silly addNameRange     '1.4.0',
86 silly addNameRange     '1.5.0',
86 silly addNameRange     '1.6.0',
86 silly addNameRange     '1.6.1',
86 silly addNameRange     '1.6.2',
86 silly addNameRange     '1.6.3' ] ]
87 silly addNamed node-addon-api@1.6.3
88 verbose addNamed "1.6.3" is a plain semver version for node-addon-api
89 silly cache afterAdd node-addon-api@1.6.3
90 verbose afterAdd /home/marcin/.npm/node-addon-api/1.6.3/package/package.json not in flight; writing
91 verbose afterAdd /home/marcin/.npm/node-addon-api/1.6.3/package/package.json written
92 silly fetchNamedPackageData fsevents
93 silly mapToRegistry name fsevents
94 silly mapToRegistry using default registry
95 silly mapToRegistry registry https://registry.npmjs.org/
96 silly mapToRegistry uri https://registry.npmjs.org/fsevents
97 verbose request uri https://registry.npmjs.org/fsevents
98 verbose request no auth needed
99 info attempt registry request try #1 at 16:57:32
100 verbose etag W/"ec8d4eb97c775f79ec6d0bc1c3ba6d4f"
101 verbose lastModified Thu, 16 May 2019 13:28:59 GMT
102 http request GET https://registry.npmjs.org/fsevents
103 http 304 https://registry.npmjs.org/fsevents
104 verbose headers { date: 'Sun, 23 Jun 2019 14:57:32 GMT',
104 verbose headers   connection: 'keep-alive',
104 verbose headers   'set-cookie':
104 verbose headers    [ '__cfduid=d29c433c35dda3097048b2adf6643da6e1561301852; expires=Mon, 22-Jun-20 14:57:32 GMT; path=/; domain=.npmjs.org; HttpOnly' ],
104 verbose headers   'cf-cache-status': 'HIT',
104 verbose headers   'cache-control': 'max-age=300',
104 verbose headers   'cf-ray': '4eb750a10bad6b3b-WAW',
104 verbose headers   etag: '"ec8d4eb97c775f79ec6d0bc1c3ba6d4f"',
104 verbose headers   'expect-ct': 'max-age=604800, report-uri="https://report-uri.cloudflare.com/cdn-cgi/beacon/expect-ct"',
104 verbose headers   'last-modified': 'Thu, 16 May 2019 13:28:59 GMT',
104 verbose headers   vary: 'accept-encoding, accept',
104 verbose headers   'x-amz-meta-rev': '163-88b33b9d24ebf2da96a4e2240471bf23',
104 verbose headers   server: 'cloudflare' }
105 silly get cb [ 304,
105 silly get   { date: 'Sun, 23 Jun 2019 14:57:32 GMT',
105 silly get     connection: 'keep-alive',
105 silly get     'set-cookie':
105 silly get      [ '__cfduid=d29c433c35dda3097048b2adf6643da6e1561301852; expires=Mon, 22-Jun-20 14:57:32 GMT; path=/; domain=.npmjs.org; HttpOnly' ],
105 silly get     'cf-cache-status': 'HIT',
105 silly get     'cache-control': 'max-age=300',
105 silly get     'cf-ray': '4eb750a10bad6b3b-WAW',
105 silly get     etag: '"ec8d4eb97c775f79ec6d0bc1c3ba6d4f"',
105 silly get     'expect-ct': 'max-age=604800, report-uri="https://report-uri.cloudflare.com/cdn-cgi/beacon/expect-ct"',
105 silly get     'last-modified': 'Thu, 16 May 2019 13:28:59 GMT',
105 silly get     vary: 'accept-encoding, accept',
105 silly get     'x-amz-meta-rev': '163-88b33b9d24ebf2da96a4e2240471bf23',
105 silly get     server: 'cloudflare' } ]
106 verbose etag https://registry.npmjs.org/fsevents from cache
107 verbose get saving fsevents to /home/marcin/.npm/registry.npmjs.org/fsevents/.cache.json
108 silly resolveWithNewModule fsevents@1.2.9 checking installable status
109 silly loadAllDepsIntoIdealTree Finishing
110 silly idealTree:prePrune server@0.0.0
110 silly idealTree:prePrune ├── abbrev@1.1.1
110 silly idealTree:prePrune ├── accepts@1.3.7
110 silly idealTree:prePrune ├── acorn-globals@1.0.9
110 silly idealTree:prePrune ├── acorn@2.7.0
110 silly idealTree:prePrune ├─┬ align-text@0.1.4
110 silly idealTree:prePrune │ └── kind-of@3.2.2
110 silly idealTree:prePrune ├── amdefine@1.0.1
110 silly idealTree:prePrune ├─┬ ansi-align@2.0.0
110 silly idealTree:prePrune │ ├── ansi-regex@3.0.0
110 silly idealTree:prePrune │ ├── is-fullwidth-code-point@2.0.0
110 silly idealTree:prePrune │ ├── string-width@2.1.1
110 silly idealTree:prePrune │ └── strip-ansi@4.0.0
110 silly idealTree:prePrune ├── ansi-regex@2.1.1
110 silly idealTree:prePrune ├── ansi-styles@3.2.1
110 silly idealTree:prePrune ├─┬ anymatch@2.0.0
110 silly idealTree:prePrune │ └── normalize-path@2.1.1
110 silly idealTree:prePrune ├── append-field@1.0.0
110 silly idealTree:prePrune ├── aproba@1.2.0
110 silly idealTree:prePrune ├── are-we-there-yet@1.1.5
110 silly idealTree:prePrune ├── arr-diff@4.0.0
110 silly idealTree:prePrune ├── arr-flatten@1.1.0
110 silly idealTree:prePrune ├── arr-union@3.1.0
110 silly idealTree:prePrune ├── array-find-index@1.0.2
110 silly idealTree:prePrune ├── array-flatten@1.1.1
110 silly idealTree:prePrune ├── array-unique@0.3.2
110 silly idealTree:prePrune ├── arrify@1.0.1
110 silly idealTree:prePrune ├── asap@1.0.0
110 silly idealTree:prePrune ├── assign-symbols@1.0.0
110 silly idealTree:prePrune ├── async-each@1.0.3
110 silly idealTree:prePrune ├── async@2.6.2
110 silly idealTree:prePrune ├── atob@2.1.2
110 silly idealTree:prePrune ├── balanced-match@1.0.0
110 silly idealTree:prePrune ├─┬ base@0.11.2
110 silly idealTree:prePrune │ ├── define-property@1.0.0
110 silly idealTree:prePrune │ ├── is-accessor-descriptor@1.0.0
110 silly idealTree:prePrune │ ├── is-data-descriptor@1.0.0
110 silly idealTree:prePrune │ └── is-descriptor@1.0.2
110 silly idealTree:prePrune ├── basic-auth@2.0.1
110 silly idealTree:prePrune ├── bcrypt@3.0.6
110 silly idealTree:prePrune ├── binary-extensions@1.13.1
110 silly idealTree:prePrune ├── bluebird@3.5.1
110 silly idealTree:prePrune ├─┬ body-parser@1.19.0
110 silly idealTree:prePrune │ ├── http-errors@1.7.2
110 silly idealTree:prePrune │ ├── qs@6.7.0
110 silly idealTree:prePrune │ ├── setprototypeof@1.1.1
110 silly idealTree:prePrune │ └── statuses@1.5.0
110 silly idealTree:prePrune ├─┬ boxen@1.3.0
110 silly idealTree:prePrune │ ├── ansi-regex@3.0.0
110 silly idealTree:prePrune │ ├── is-fullwidth-code-point@2.0.0
110 silly idealTree:prePrune │ ├── string-width@2.1.1
110 silly idealTree:prePrune │ └── strip-ansi@4.0.0
110 silly idealTree:prePrune ├── brace-expansion@1.1.11
110 silly idealTree:prePrune ├─┬ braces@2.3.2
110 silly idealTree:prePrune │ └── extend-shallow@2.0.1
110 silly idealTree:prePrune ├── bson@1.1.1
110 silly idealTree:prePrune ├── buffer-from@1.1.1
110 silly idealTree:prePrune ├─┬ busboy@0.2.14
110 silly idealTree:prePrune │ ├── isarray@0.0.1
110 silly idealTree:prePrune │ ├── readable-stream@1.1.14
110 silly idealTree:prePrune │ └── string_decoder@0.10.31
110 silly idealTree:prePrune ├── bytes@3.1.0
110 silly idealTree:prePrune ├── cache-base@1.0.1
110 silly idealTree:prePrune ├── camelcase-keys@4.2.0
110 silly idealTree:prePrune ├── camelcase@4.1.0
110 silly idealTree:prePrune ├── capture-stack-trace@1.0.1
110 silly idealTree:prePrune ├── center-align@0.1.3
110 silly idealTree:prePrune ├── chalk@2.4.2
110 silly idealTree:prePrune ├── character-parser@1.2.1
110 silly idealTree:prePrune ├── chokidar@2.1.6
110 silly idealTree:prePrune ├── chownr@1.1.1
110 silly idealTree:prePrune ├── ci-info@1.6.0
110 silly idealTree:prePrune ├─┬ class-utils@0.3.6
110 silly idealTree:prePrune │ └── define-property@0.2.5
110 silly idealTree:prePrune ├─┬ clean-css@3.4.28
110 silly idealTree:prePrune │ ├── commander@2.8.1
110 silly idealTree:prePrune │ └── source-map@0.4.4
110 silly idealTree:prePrune ├── cli-boxes@1.0.0
110 silly idealTree:prePrune ├─┬ cli-table3@0.5.1
110 silly idealTree:prePrune │ ├── ansi-regex@3.0.0
110 silly idealTree:prePrune │ ├── is-fullwidth-code-point@2.0.0
110 silly idealTree:prePrune │ ├── string-width@2.1.1
110 silly idealTree:prePrune │ └── strip-ansi@4.0.0
110 silly idealTree:prePrune ├─┬ cliui@2.1.0
110 silly idealTree:prePrune │ └── wordwrap@0.0.2
110 silly idealTree:prePrune ├── code-point-at@1.1.0
110 silly idealTree:prePrune ├── collection-visit@1.0.0
110 silly idealTree:prePrune ├── color-convert@1.9.3
110 silly idealTree:prePrune ├── color-name@1.1.3
110 silly idealTree:prePrune ├── colors@1.3.3
110 silly idealTree:prePrune ├── commander@2.6.0
110 silly idealTree:prePrune ├── component-emitter@1.3.0
110 silly idealTree:prePrune ├── concat-map@0.0.1
110 silly idealTree:prePrune ├── concat-stream@1.6.2
110 silly idealTree:prePrune ├── configstore@3.1.2
110 silly idealTree:prePrune ├── console-control-strings@1.1.0
110 silly idealTree:prePrune ├── constantinople@3.0.2
110 silly idealTree:prePrune ├── content-disposition@0.5.2
110 silly idealTree:prePrune ├── content-type@1.0.4
110 silly idealTree:prePrune ├── cookie-parser@1.4.4
110 silly idealTree:prePrune ├── cookie-signature@1.0.6
110 silly idealTree:prePrune ├── cookie@0.3.1
110 silly idealTree:prePrune ├── copy-descriptor@0.1.1
110 silly idealTree:prePrune ├── core-util-is@1.0.2
110 silly idealTree:prePrune ├── cors@2.8.5
110 silly idealTree:prePrune ├── create-error-class@3.0.2
110 silly idealTree:prePrune ├── cross-spawn@5.1.0
110 silly idealTree:prePrune ├── crypto-random-string@1.0.0
110 silly idealTree:prePrune ├── css-parse@1.0.4
110 silly idealTree:prePrune ├── css-stringify@1.0.5
110 silly idealTree:prePrune ├── css@1.0.8
110 silly idealTree:prePrune ├── currently-unhandled@0.4.1
110 silly idealTree:prePrune ├── debug@2.6.9
110 silly idealTree:prePrune ├─┬ decamelize-keys@1.1.0
110 silly idealTree:prePrune │ └── map-obj@1.0.1
110 silly idealTree:prePrune ├── decamelize@1.2.0
110 silly idealTree:prePrune ├── decode-uri-component@0.2.0
110 silly idealTree:prePrune ├── deep-extend@0.6.0
110 silly idealTree:prePrune ├─┬ define-property@2.0.2
110 silly idealTree:prePrune │ ├── is-accessor-descriptor@1.0.0
110 silly idealTree:prePrune │ ├── is-data-descriptor@1.0.0
110 silly idealTree:prePrune │ └── is-descriptor@1.0.2
110 silly idealTree:prePrune ├── delegates@1.0.0
110 silly idealTree:prePrune ├── depd@1.1.2
110 silly idealTree:prePrune ├── destroy@1.0.4
110 silly idealTree:prePrune ├── detect-libc@1.0.3
110 silly idealTree:prePrune ├─┬ dicer@0.2.5
110 silly idealTree:prePrune │ ├── isarray@0.0.1
110 silly idealTree:prePrune │ ├── readable-stream@1.1.14
110 silly idealTree:prePrune │ └── string_decoder@0.10.31
110 silly idealTree:prePrune ├── dot-prop@4.2.0
110 silly idealTree:prePrune ├── ds18b20-raspi@0.3.3
110 silly idealTree:prePrune ├── duplexer3@0.1.4
110 silly idealTree:prePrune ├── ee-first@1.1.1
110 silly idealTree:prePrune ├── encodeurl@1.0.2
110 silly idealTree:prePrune ├── error-ex@1.3.2
110 silly idealTree:prePrune ├── escape-html@1.0.3
110 silly idealTree:prePrune ├── escape-string-regexp@1.0.5
110 silly idealTree:prePrune ├── etag@1.8.1
110 silly idealTree:prePrune ├── execa@0.7.0
110 silly idealTree:prePrune ├─┬ expand-brackets@2.1.4
110 silly idealTree:prePrune │ ├── define-property@0.2.5
110 silly idealTree:prePrune │ └── extend-shallow@2.0.1
110 silly idealTree:prePrune ├─┬ express@4.16.4
110 silly idealTree:prePrune │ ├── body-parser@1.18.3
110 silly idealTree:prePrune │ ├── bytes@3.0.0
110 silly idealTree:prePrune │ ├── iconv-lite@0.4.23
110 silly idealTree:prePrune │ └── raw-body@2.3.3
110 silly idealTree:prePrune ├─┬ extend-shallow@3.0.2
110 silly idealTree:prePrune │ └── is-extendable@1.0.1
110 silly idealTree:prePrune ├─┬ extglob@2.0.4
110 silly idealTree:prePrune │ ├── define-property@1.0.0
110 silly idealTree:prePrune │ ├── extend-shallow@2.0.1
110 silly idealTree:prePrune │ ├── is-accessor-descriptor@1.0.0
110 silly idealTree:prePrune │ ├── is-data-descriptor@1.0.0
110 silly idealTree:prePrune │ └── is-descriptor@1.0.2
110 silly idealTree:prePrune ├─┬ fill-range@4.0.0
110 silly idealTree:prePrune │ └── extend-shallow@2.0.1
110 silly idealTree:prePrune ├── finalhandler@1.1.1
110 silly idealTree:prePrune ├── find-up@2.1.0
110 silly idealTree:prePrune ├── for-in@1.0.2
110 silly idealTree:prePrune ├── forwarded@0.1.2
110 silly idealTree:prePrune ├── fragment-cache@0.2.1
110 silly idealTree:prePrune ├── fresh@0.5.2
110 silly idealTree:prePrune ├── fs-minipass@1.2.6
110 silly idealTree:prePrune ├── fs.realpath@1.0.0
110 silly idealTree:prePrune ├── gauge@2.7.4
110 silly idealTree:prePrune ├── get-stream@3.0.0
110 silly idealTree:prePrune ├── get-value@2.0.6
110 silly idealTree:prePrune ├─┬ glob-parent@3.1.0
110 silly idealTree:prePrune │ └── is-glob@3.1.0
110 silly idealTree:prePrune ├── glob@7.1.4
110 silly idealTree:prePrune ├── global-dirs@0.1.1
110 silly idealTree:prePrune ├── got@6.7.1
110 silly idealTree:prePrune ├── graceful-fs@4.1.15
110 silly idealTree:prePrune ├── graceful-readlink@1.0.1
110 silly idealTree:prePrune ├── has-flag@3.0.0
110 silly idealTree:prePrune ├── has-unicode@2.0.1
110 silly idealTree:prePrune ├── has-value@1.0.0
110 silly idealTree:prePrune ├─┬ has-values@1.0.0
110 silly idealTree:prePrune │ └── kind-of@4.0.0
110 silly idealTree:prePrune ├── hosted-git-info@2.7.1
110 silly idealTree:prePrune ├── http-errors@1.6.3
110 silly idealTree:prePrune ├── iconv-lite@0.4.24
110 silly idealTree:prePrune ├── ignore-by-default@1.0.1
110 silly idealTree:prePrune ├── ignore-walk@3.0.1
110 silly idealTree:prePrune ├── import-lazy@2.1.0
110 silly idealTree:prePrune ├── imurmurhash@0.1.4
110 silly idealTree:prePrune ├── indent-string@3.2.0
110 silly idealTree:prePrune ├── inflight@1.0.6
110 silly idealTree:prePrune ├── inherits@2.0.3
110 silly idealTree:prePrune ├── ini@1.3.5
110 silly idealTree:prePrune ├── ipaddr.js@1.9.0
110 silly idealTree:prePrune ├─┬ is-accessor-descriptor@0.1.6
110 silly idealTree:prePrune │ └── kind-of@3.2.2
110 silly idealTree:prePrune ├── is-arrayish@0.2.1
110 silly idealTree:prePrune ├── is-binary-path@1.0.1
110 silly idealTree:prePrune ├── is-buffer@1.1.6
110 silly idealTree:prePrune ├── is-ci@1.2.1
110 silly idealTree:prePrune ├─┬ is-data-descriptor@0.1.4
110 silly idealTree:prePrune │ └── kind-of@3.2.2
110 silly idealTree:prePrune ├─┬ is-descriptor@0.1.6
110 silly idealTree:prePrune │ └── kind-of@5.1.0
110 silly idealTree:prePrune ├── is-extendable@0.1.1
110 silly idealTree:prePrune ├── is-extglob@2.1.1
110 silly idealTree:prePrune ├── is-fullwidth-code-point@1.0.0
110 silly idealTree:prePrune ├── is-glob@4.0.1
110 silly idealTree:prePrune ├── is-installed-globally@0.1.0
110 silly idealTree:prePrune ├── is-npm@1.0.0
110 silly idealTree:prePrune ├─┬ is-number@3.0.0
110 silly idealTree:prePrune │ └── kind-of@3.2.2
110 silly idealTree:prePrune ├── is-obj@1.0.1
110 silly idealTree:prePrune ├── is-path-inside@1.0.1
110 silly idealTree:prePrune ├── is-plain-obj@1.1.0
110 silly idealTree:prePrune ├── is-plain-object@2.0.4
110 silly idealTree:prePrune ├── is-promise@2.1.0
110 silly idealTree:prePrune ├── is-redirect@1.0.0
110 silly idealTree:prePrune ├── is-retry-allowed@1.1.0
110 silly idealTree:prePrune ├── is-stream@1.1.0
110 silly idealTree:prePrune ├── is-windows@1.0.2
110 silly idealTree:prePrune ├── isarray@1.0.0
110 silly idealTree:prePrune ├── isexe@2.0.0
110 silly idealTree:prePrune ├── isobject@3.0.1
110 silly idealTree:prePrune ├── jade@1.11.0
110 silly idealTree:prePrune ├── json-parse-better-errors@1.0.2
110 silly idealTree:prePrune ├── jstransformer@0.0.2
110 silly idealTree:prePrune ├── kareem@2.3.0
110 silly idealTree:prePrune ├── kind-of@6.0.2
110 silly idealTree:prePrune ├── latest-version@3.1.0
110 silly idealTree:prePrune ├── lazy-cache@1.0.4
110 silly idealTree:prePrune ├── load-json-file@4.0.0
110 silly idealTree:prePrune ├── locate-path@2.0.0
110 silly idealTree:prePrune ├── lodash@4.17.11
110 silly idealTree:prePrune ├── longest@1.0.1
110 silly idealTree:prePrune ├── loud-rejection@1.6.0
110 silly idealTree:prePrune ├── lowercase-keys@1.0.1
110 silly idealTree:prePrune ├─┬ lru-cache@4.1.5
110 silly idealTree:prePrune │ └── yallist@2.1.2
110 silly idealTree:prePrune ├── make-dir@1.3.0
110 silly idealTree:prePrune ├── map-cache@0.2.2
110 silly idealTree:prePrune ├── map-obj@2.0.0
110 silly idealTree:prePrune ├── map-visit@1.0.0
110 silly idealTree:prePrune ├── media-typer@0.3.0
110 silly idealTree:prePrune ├── memory-pager@1.5.0
110 silly idealTree:prePrune ├── meow@5.0.0
110 silly idealTree:prePrune ├── merge-descriptors@1.0.1
110 silly idealTree:prePrune ├── methods@1.1.2
110 silly idealTree:prePrune ├── micromatch@3.1.10
110 silly idealTree:prePrune ├── mime-db@1.40.0
110 silly idealTree:prePrune ├── mime-types@2.1.24
110 silly idealTree:prePrune ├── mime@1.4.1
110 silly idealTree:prePrune ├── minimatch@3.0.4
110 silly idealTree:prePrune ├── minimist-options@3.0.2
110 silly idealTree:prePrune ├── minimist@0.0.8
110 silly idealTree:prePrune ├── minipass@2.3.5
110 silly idealTree:prePrune ├── minizlib@1.2.1
110 silly idealTree:prePrune ├─┬ mixin-deep@1.3.1
110 silly idealTree:prePrune │ └── is-extendable@1.0.1
110 silly idealTree:prePrune ├── mkdirp@0.5.1
110 silly idealTree:prePrune ├── mongodb-core@3.2.7
110 silly idealTree:prePrune ├── mongodb@3.2.7
110 silly idealTree:prePrune ├── mongoose-legacy-pluralize@1.0.2
110 silly idealTree:prePrune ├─┬ mongoose@5.6.0
110 silly idealTree:prePrune │ └── ms@2.1.2
110 silly idealTree:prePrune ├── morgan@1.9.1
110 silly idealTree:prePrune ├── mpath@0.6.0
110 silly idealTree:prePrune ├─┬ mquery@3.2.1
110 silly idealTree:prePrune │ └── debug@3.1.0
110 silly idealTree:prePrune ├── ms@2.0.0
110 silly idealTree:prePrune ├── multer@1.4.1
110 silly idealTree:prePrune ├── nan@2.13.2
110 silly idealTree:prePrune ├── nanomatch@1.2.13
110 silly idealTree:prePrune ├─┬ needle@2.4.0
110 silly idealTree:prePrune │ ├── debug@3.2.6
110 silly idealTree:prePrune │ └── ms@2.1.2
110 silly idealTree:prePrune ├── negotiator@0.6.2
110 silly idealTree:prePrune ├── node-addon-api@1.6.3
110 silly idealTree:prePrune ├── node-dht-sensor@0.3.0
110 silly idealTree:prePrune ├── node-pre-gyp@0.12.0
110 silly idealTree:prePrune ├─┬ nodemon@1.19.1
110 silly idealTree:prePrune │ ├── debug@3.2.6
110 silly idealTree:prePrune │ └── ms@2.1.2
110 silly idealTree:prePrune ├── nopt@4.0.1
110 silly idealTree:prePrune ├── normalize-package-data@2.5.0
110 silly idealTree:prePrune ├── normalize-path@3.0.0
110 silly idealTree:prePrune ├── npm-bundled@1.0.6
110 silly idealTree:prePrune ├── npm-packlist@1.4.1
110 silly idealTree:prePrune ├── npm-run-path@2.0.2
110 silly idealTree:prePrune ├── npmlog@4.1.2
110 silly idealTree:prePrune ├── number-is-nan@1.0.1
110 silly idealTree:prePrune ├── object-assign@4.1.1
110 silly idealTree:prePrune ├─┬ object-copy@0.1.0
110 silly idealTree:prePrune │ ├── define-property@0.2.5
110 silly idealTree:prePrune │ └── kind-of@3.2.2
110 silly idealTree:prePrune ├── object-visit@1.0.1
110 silly idealTree:prePrune ├── object.pick@1.3.0
110 silly idealTree:prePrune ├── on-finished@2.3.0
110 silly idealTree:prePrune ├── on-headers@1.0.2
110 silly idealTree:prePrune ├── once@1.4.0
110 silly idealTree:prePrune ├── optimist@0.3.7
110 silly idealTree:prePrune ├── os-homedir@1.0.2
110 silly idealTree:prePrune ├── os-tmpdir@1.0.2
110 silly idealTree:prePrune ├── osenv@0.1.5
110 silly idealTree:prePrune ├── p-finally@1.0.0
110 silly idealTree:prePrune ├── p-limit@1.3.0
110 silly idealTree:prePrune ├── p-locate@2.0.0
110 silly idealTree:prePrune ├── p-try@1.0.0
110 silly idealTree:prePrune ├── package-json@4.0.1
110 silly idealTree:prePrune ├── parse-json@4.0.0
110 silly idealTree:prePrune ├── parseurl@1.3.3
110 silly idealTree:prePrune ├── pascalcase@0.1.1
110 silly idealTree:prePrune ├── path-dirname@1.0.2
110 silly idealTree:prePrune ├── path-exists@3.0.0
110 silly idealTree:prePrune ├── path-is-absolute@1.0.1
110 silly idealTree:prePrune ├── path-is-inside@1.0.2
110 silly idealTree:prePrune ├── path-key@2.0.1
110 silly idealTree:prePrune ├── path-parse@1.0.6
110 silly idealTree:prePrune ├── path-to-regexp@0.1.7
110 silly idealTree:prePrune ├── path-type@3.0.0
110 silly idealTree:prePrune ├── pify@3.0.0
110 silly idealTree:prePrune ├── posix-character-classes@0.1.1
110 silly idealTree:prePrune ├── prepend-http@1.0.4
110 silly idealTree:prePrune ├── process-nextick-args@2.0.0
110 silly idealTree:prePrune ├── promise@6.1.0
110 silly idealTree:prePrune ├── proxy-addr@2.0.5
110 silly idealTree:prePrune ├── pseudomap@1.0.2
110 silly idealTree:prePrune ├── pstree.remy@1.1.7
110 silly idealTree:prePrune ├── qs@6.5.2
110 silly idealTree:prePrune ├── quick-lru@1.1.0
110 silly idealTree:prePrune ├── range-parser@1.2.1
110 silly idealTree:prePrune ├─┬ raw-body@2.4.0
110 silly idealTree:prePrune │ ├── http-errors@1.7.2
110 silly idealTree:prePrune │ ├── setprototypeof@1.1.1
110 silly idealTree:prePrune │ └── statuses@1.5.0
110 silly idealTree:prePrune ├─┬ rc@1.2.8
110 silly idealTree:prePrune │ └── minimist@1.2.0
110 silly idealTree:prePrune ├── read-pkg-up@3.0.0
110 silly idealTree:prePrune ├── read-pkg@3.0.0
110 silly idealTree:prePrune ├── readable-stream@2.3.6
110 silly idealTree:prePrune ├── readdirp@2.2.1
110 silly idealTree:prePrune ├── redent@2.0.0
110 silly idealTree:prePrune ├── regex-not@1.0.2
110 silly idealTree:prePrune ├── regexp-clone@1.0.0
110 silly idealTree:prePrune ├── registry-auth-token@3.4.0
110 silly idealTree:prePrune ├── registry-url@3.1.0
110 silly idealTree:prePrune ├── remove-trailing-separator@1.1.0
110 silly idealTree:prePrune ├── repeat-element@1.1.3
110 silly idealTree:prePrune ├── repeat-string@1.6.1
110 silly idealTree:prePrune ├── require_optional@1.0.1
110 silly idealTree:prePrune ├── resolve-from@2.0.0
110 silly idealTree:prePrune ├── resolve-url@0.2.1
110 silly idealTree:prePrune ├── resolve@1.11.0
110 silly idealTree:prePrune ├── ret@0.1.15
110 silly idealTree:prePrune ├── right-align@0.1.3
110 silly idealTree:prePrune ├── rimraf@2.6.3
110 silly idealTree:prePrune ├── round-to@3.0.0
110 silly idealTree:prePrune ├── safe-buffer@5.1.2
110 silly idealTree:prePrune ├── safe-regex@1.1.0
110 silly idealTree:prePrune ├── safer-buffer@2.1.2
110 silly idealTree:prePrune ├── saslprep@1.0.3
110 silly idealTree:prePrune ├── sax@1.2.4
110 silly idealTree:prePrune ├── semver-diff@2.1.0
110 silly idealTree:prePrune ├── semver@5.7.0
110 silly idealTree:prePrune ├── send@0.16.2
110 silly idealTree:prePrune ├── serve-static@1.13.2
110 silly idealTree:prePrune ├── set-blocking@2.0.0
110 silly idealTree:prePrune ├─┬ set-value@2.0.0
110 silly idealTree:prePrune │ └── extend-shallow@2.0.1
110 silly idealTree:prePrune ├── setprototypeof@1.1.0
110 silly idealTree:prePrune ├── shebang-command@1.2.0
110 silly idealTree:prePrune ├── shebang-regex@1.0.0
110 silly idealTree:prePrune ├── sift@7.0.1
110 silly idealTree:prePrune ├── signal-exit@3.0.2
110 silly idealTree:prePrune ├── sliced@1.0.1
110 silly idealTree:prePrune ├─┬ snapdragon-node@2.1.1
110 silly idealTree:prePrune │ ├── define-property@1.0.0
110 silly idealTree:prePrune │ ├── is-accessor-descriptor@1.0.0
110 silly idealTree:prePrune │ ├── is-data-descriptor@1.0.0
110 silly idealTree:prePrune │ └── is-descriptor@1.0.2
110 silly idealTree:prePrune ├─┬ snapdragon-util@3.0.1
110 silly idealTree:prePrune │ └── kind-of@3.2.2
110 silly idealTree:prePrune ├─┬ snapdragon@0.8.2
110 silly idealTree:prePrune │ ├── define-property@0.2.5
110 silly idealTree:prePrune │ └── extend-shallow@2.0.1
110 silly idealTree:prePrune ├── source-map-resolve@0.5.2
110 silly idealTree:prePrune ├── source-map-url@0.4.0
110 silly idealTree:prePrune ├── source-map@0.5.7
110 silly idealTree:prePrune ├── sparse-bitfield@3.0.3
110 silly idealTree:prePrune ├── spdx-correct@3.1.0
110 silly idealTree:prePrune ├── spdx-exceptions@2.2.0
110 silly idealTree:prePrune ├── spdx-expression-parse@3.0.0
110 silly idealTree:prePrune ├── spdx-license-ids@3.0.4
110 silly idealTree:prePrune ├── split-string@3.1.0
110 silly idealTree:prePrune ├─┬ static-extend@0.1.2
110 silly idealTree:prePrune │ └── define-property@0.2.5
110 silly idealTree:prePrune ├── statuses@1.4.0
110 silly idealTree:prePrune ├── streamsearch@0.1.2
110 silly idealTree:prePrune ├── string_decoder@1.1.1
110 silly idealTree:prePrune ├── string-width@1.0.2
110 silly idealTree:prePrune ├── strip-ansi@3.0.1
110 silly idealTree:prePrune ├── strip-bom@3.0.0
110 silly idealTree:prePrune ├── strip-eof@1.0.0
110 silly idealTree:prePrune ├── strip-indent@2.0.0
110 silly idealTree:prePrune ├── strip-json-comments@2.0.1
110 silly idealTree:prePrune ├── supports-color@5.5.0
110 silly idealTree:prePrune ├── tar@4.4.10
110 silly idealTree:prePrune ├── term-size@1.2.0
110 silly idealTree:prePrune ├── timed-out@4.0.1
110 silly idealTree:prePrune ├─┬ to-object-path@0.3.0
110 silly idealTree:prePrune │ └── kind-of@3.2.2
110 silly idealTree:prePrune ├── to-regex-range@2.1.1
110 silly idealTree:prePrune ├── to-regex@3.0.2
110 silly idealTree:prePrune ├── toidentifier@1.0.0
110 silly idealTree:prePrune ├─┬ touch@3.1.0
110 silly idealTree:prePrune │ └── nopt@1.0.10
110 silly idealTree:prePrune ├─┬ transformers@2.1.0
110 silly idealTree:prePrune │ ├── is-promise@1.0.1
110 silly idealTree:prePrune │ ├── promise@2.0.0
110 silly idealTree:prePrune │ ├── source-map@0.1.43
110 silly idealTree:prePrune │ └── uglify-js@2.2.5
110 silly idealTree:prePrune ├── trim-newlines@2.0.0
110 silly idealTree:prePrune ├── type-is@1.6.18
110 silly idealTree:prePrune ├── typedarray@0.0.6
110 silly idealTree:prePrune ├── uglify-js@2.8.29
110 silly idealTree:prePrune ├── uglify-to-browserify@1.0.2
110 silly idealTree:prePrune ├── undefsafe@2.0.2
110 silly idealTree:prePrune ├─┬ union-value@1.0.0
110 silly idealTree:prePrune │ ├── extend-shallow@2.0.1
110 silly idealTree:prePrune │ └── set-value@0.4.3
110 silly idealTree:prePrune ├── unique-string@1.0.0
110 silly idealTree:prePrune ├── unpipe@1.0.0
110 silly idealTree:prePrune ├─┬ unset-value@1.0.0
110 silly idealTree:prePrune │ ├─┬ has-value@0.3.1
110 silly idealTree:prePrune │ │ └── isobject@2.1.0
110 silly idealTree:prePrune │ └── has-values@0.1.4
110 silly idealTree:prePrune ├── unzip-response@2.0.1
110 silly idealTree:prePrune ├── upath@1.1.2
110 silly idealTree:prePrune ├── update-notifier@2.5.0
110 silly idealTree:prePrune ├── urix@0.1.0
110 silly idealTree:prePrune ├── url-parse-lax@1.0.0
110 silly idealTree:prePrune ├── use@3.1.1
110 silly idealTree:prePrune ├── util-deprecate@1.0.2
110 silly idealTree:prePrune ├── utils-merge@1.0.1
110 silly idealTree:prePrune ├── validate-npm-package-license@3.0.4
110 silly idealTree:prePrune ├── vary@1.1.2
110 silly idealTree:prePrune ├── void-elements@2.0.1
110 silly idealTree:prePrune ├── which@1.3.1
110 silly idealTree:prePrune ├── wide-align@1.1.3
110 silly idealTree:prePrune ├─┬ widest-line@2.0.1
110 silly idealTree:prePrune │ ├── ansi-regex@3.0.0
110 silly idealTree:prePrune │ ├── is-fullwidth-code-point@2.0.0
110 silly idealTree:prePrune │ ├── string-width@2.1.1
110 silly idealTree:prePrune │ └── strip-ansi@4.0.0
110 silly idealTree:prePrune ├── window-size@0.1.0
110 silly idealTree:prePrune ├─┬ with@4.0.3
110 silly idealTree:prePrune │ └── acorn@1.2.2
110 silly idealTree:prePrune ├── wordwrap@0.0.3
110 silly idealTree:prePrune ├── wrappy@1.0.2
110 silly idealTree:prePrune ├── write-file-atomic@2.4.3
110 silly idealTree:prePrune ├── xdg-basedir@3.0.0
110 silly idealTree:prePrune ├── xtend@4.0.1
110 silly idealTree:prePrune ├── yallist@3.0.3
110 silly idealTree:prePrune ├── yargs-parser@10.1.0
110 silly idealTree:prePrune └─┬ yargs@3.10.0
110 silly idealTree:prePrune   └── camelcase@1.2.1
111 silly loadIdealTree Finishing
112 silly currentTree server@0.0.0
112 silly currentTree ├── abbrev@1.1.1
112 silly currentTree ├── accepts@1.3.7
112 silly currentTree ├── acorn-globals@1.0.9
112 silly currentTree ├── acorn@2.7.0
112 silly currentTree ├─┬ align-text@0.1.4
112 silly currentTree │ └── kind-of@3.2.2
112 silly currentTree ├── amdefine@1.0.1
112 silly currentTree ├─┬ ansi-align@2.0.0
112 silly currentTree │ ├── ansi-regex@3.0.0
112 silly currentTree │ ├── is-fullwidth-code-point@2.0.0
112 silly currentTree │ ├── string-width@2.1.1
112 silly currentTree │ └── strip-ansi@4.0.0
112 silly currentTree ├── ansi-regex@2.1.1
112 silly currentTree ├── ansi-styles@3.2.1
112 silly currentTree ├─┬ anymatch@2.0.0
112 silly currentTree │ └── normalize-path@2.1.1
112 silly currentTree ├── append-field@1.0.0
112 silly currentTree ├── aproba@1.2.0
112 silly currentTree ├── are-we-there-yet@1.1.5
112 silly currentTree ├── arr-diff@4.0.0
112 silly currentTree ├── arr-flatten@1.1.0
112 silly currentTree ├── arr-union@3.1.0
112 silly currentTree ├── array-find-index@1.0.2
112 silly currentTree ├── array-flatten@1.1.1
112 silly currentTree ├── array-unique@0.3.2
112 silly currentTree ├── arrify@1.0.1
112 silly currentTree ├── asap@1.0.0
112 silly currentTree ├── assign-symbols@1.0.0
112 silly currentTree ├── async-each@1.0.3
112 silly currentTree ├── async@2.6.2
112 silly currentTree ├── atob@2.1.2
112 silly currentTree ├── balanced-match@1.0.0
112 silly currentTree ├─┬ base@0.11.2
112 silly currentTree │ ├── define-property@1.0.0
112 silly currentTree │ ├── is-accessor-descriptor@1.0.0
112 silly currentTree │ ├── is-data-descriptor@1.0.0
112 silly currentTree │ └── is-descriptor@1.0.2
112 silly currentTree ├── basic-auth@2.0.1
112 silly currentTree ├── bcrypt@3.0.6
112 silly currentTree ├── binary-extensions@1.13.1
112 silly currentTree ├── bluebird@3.5.1
112 silly currentTree ├─┬ body-parser@1.19.0
112 silly currentTree │ ├── http-errors@1.7.2
112 silly currentTree │ ├── qs@6.7.0
112 silly currentTree │ ├── setprototypeof@1.1.1
112 silly currentTree │ └── statuses@1.5.0
112 silly currentTree ├─┬ boxen@1.3.0
112 silly currentTree │ ├── ansi-regex@3.0.0
112 silly currentTree │ ├── is-fullwidth-code-point@2.0.0
112 silly currentTree │ ├── string-width@2.1.1
112 silly currentTree │ └── strip-ansi@4.0.0
112 silly currentTree ├── brace-expansion@1.1.11
112 silly currentTree ├─┬ braces@2.3.2
112 silly currentTree │ └── extend-shallow@2.0.1
112 silly currentTree ├── bson@1.1.1
112 silly currentTree ├── buffer-from@1.1.1
112 silly currentTree ├─┬ busboy@0.2.14
112 silly currentTree │ ├── isarray@0.0.1
112 silly currentTree │ ├── readable-stream@1.1.14
112 silly currentTree │ └── string_decoder@0.10.31
112 silly currentTree ├── bytes@3.1.0
112 silly currentTree ├── cache-base@1.0.1
112 silly currentTree ├── camelcase-keys@4.2.0
112 silly currentTree ├── camelcase@4.1.0
112 silly currentTree ├── capture-stack-trace@1.0.1
112 silly currentTree ├── center-align@0.1.3
112 silly currentTree ├── chalk@2.4.2
112 silly currentTree ├── character-parser@1.2.1
112 silly currentTree ├── chokidar@2.1.6
112 silly currentTree ├── chownr@1.1.1
112 silly currentTree ├── ci-info@1.6.0
112 silly currentTree ├─┬ class-utils@0.3.6
112 silly currentTree │ └── define-property@0.2.5
112 silly currentTree ├─┬ clean-css@3.4.28
112 silly currentTree │ ├── commander@2.8.1
112 silly currentTree │ └── source-map@0.4.4
112 silly currentTree ├── cli-boxes@1.0.0
112 silly currentTree ├─┬ cli-table3@0.5.1
112 silly currentTree │ ├── ansi-regex@3.0.0
112 silly currentTree │ ├── is-fullwidth-code-point@2.0.0
112 silly currentTree │ ├── string-width@2.1.1
112 silly currentTree │ └── strip-ansi@4.0.0
112 silly currentTree ├─┬ cliui@2.1.0
112 silly currentTree │ └── wordwrap@0.0.2
112 silly currentTree ├── code-point-at@1.1.0
112 silly currentTree ├── collection-visit@1.0.0
112 silly currentTree ├── color-convert@1.9.3
112 silly currentTree ├── color-name@1.1.3
112 silly currentTree ├── colors@1.3.3
112 silly currentTree ├── commander@2.6.0
112 silly currentTree ├── component-emitter@1.3.0
112 silly currentTree ├── concat-map@0.0.1
112 silly currentTree ├── concat-stream@1.6.2
112 silly currentTree ├── configstore@3.1.2
112 silly currentTree ├── console-control-strings@1.1.0
112 silly currentTree ├── constantinople@3.0.2
112 silly currentTree ├── content-disposition@0.5.2
112 silly currentTree ├── content-type@1.0.4
112 silly currentTree ├── cookie-parser@1.4.4
112 silly currentTree ├── cookie-signature@1.0.6
112 silly currentTree ├── cookie@0.3.1
112 silly currentTree ├── copy-descriptor@0.1.1
112 silly currentTree ├── core-util-is@1.0.2
112 silly currentTree ├── cors@2.8.5
112 silly currentTree ├── create-error-class@3.0.2
112 silly currentTree ├── cross-spawn@5.1.0
112 silly currentTree ├── crypto-random-string@1.0.0
112 silly currentTree ├── css-parse@1.0.4
112 silly currentTree ├── css-stringify@1.0.5
112 silly currentTree ├── css@1.0.8
112 silly currentTree ├── currently-unhandled@0.4.1
112 silly currentTree ├── debug@2.6.9
112 silly currentTree ├─┬ decamelize-keys@1.1.0
112 silly currentTree │ └── map-obj@1.0.1
112 silly currentTree ├── decamelize@1.2.0
112 silly currentTree ├── decode-uri-component@0.2.0
112 silly currentTree ├── deep-extend@0.6.0
112 silly currentTree ├─┬ define-property@2.0.2
112 silly currentTree │ ├── is-accessor-descriptor@1.0.0
112 silly currentTree │ ├── is-data-descriptor@1.0.0
112 silly currentTree │ └── is-descriptor@1.0.2
112 silly currentTree ├── delegates@1.0.0
112 silly currentTree ├── depd@1.1.2
112 silly currentTree ├── destroy@1.0.4
112 silly currentTree ├── detect-libc@1.0.3
112 silly currentTree ├─┬ dicer@0.2.5
112 silly currentTree │ ├── isarray@0.0.1
112 silly currentTree │ ├── readable-stream@1.1.14
112 silly currentTree │ └── string_decoder@0.10.31
112 silly currentTree ├── dot-prop@4.2.0
112 silly currentTree ├── ds18b20-raspi@0.3.3
112 silly currentTree ├── duplexer3@0.1.4
112 silly currentTree ├── ee-first@1.1.1
112 silly currentTree ├── encodeurl@1.0.2
112 silly currentTree ├── error-ex@1.3.2
112 silly currentTree ├── escape-html@1.0.3
112 silly currentTree ├── escape-string-regexp@1.0.5
112 silly currentTree ├── etag@1.8.1
112 silly currentTree ├── execa@0.7.0
112 silly currentTree ├─┬ expand-brackets@2.1.4
112 silly currentTree │ ├── define-property@0.2.5
112 silly currentTree │ └── extend-shallow@2.0.1
112 silly currentTree ├─┬ express@4.16.4
112 silly currentTree │ ├── body-parser@1.18.3
112 silly currentTree │ ├── bytes@3.0.0
112 silly currentTree │ ├── iconv-lite@0.4.23
112 silly currentTree │ └── raw-body@2.3.3
112 silly currentTree ├─┬ extend-shallow@3.0.2
112 silly currentTree │ └── is-extendable@1.0.1
112 silly currentTree ├─┬ extglob@2.0.4
112 silly currentTree │ ├── define-property@1.0.0
112 silly currentTree │ ├── extend-shallow@2.0.1
112 silly currentTree │ ├── is-accessor-descriptor@1.0.0
112 silly currentTree │ ├── is-data-descriptor@1.0.0
112 silly currentTree │ └── is-descriptor@1.0.2
112 silly currentTree ├─┬ fill-range@4.0.0
112 silly currentTree │ └── extend-shallow@2.0.1
112 silly currentTree ├── finalhandler@1.1.1
112 silly currentTree ├── find-up@2.1.0
112 silly currentTree ├── for-in@1.0.2
112 silly currentTree ├── forwarded@0.1.2
112 silly currentTree ├── fragment-cache@0.2.1
112 silly currentTree ├── fresh@0.5.2
112 silly currentTree ├── fs-minipass@1.2.6
112 silly currentTree ├── fs.realpath@1.0.0
112 silly currentTree ├── gauge@2.7.4
112 silly currentTree ├── get-stream@3.0.0
112 silly currentTree ├── get-value@2.0.6
112 silly currentTree ├─┬ glob-parent@3.1.0
112 silly currentTree │ └── is-glob@3.1.0
112 silly currentTree ├── glob@7.1.4
112 silly currentTree ├── global-dirs@0.1.1
112 silly currentTree ├── got@6.7.1
112 silly currentTree ├── graceful-fs@4.1.15
112 silly currentTree ├── graceful-readlink@1.0.1
112 silly currentTree ├── has-flag@3.0.0
112 silly currentTree ├── has-unicode@2.0.1
112 silly currentTree ├── has-value@1.0.0
112 silly currentTree ├─┬ has-values@1.0.0
112 silly currentTree │ └── kind-of@4.0.0
112 silly currentTree ├── hosted-git-info@2.7.1
112 silly currentTree ├── http-errors@1.6.3
112 silly currentTree ├── iconv-lite@0.4.24
112 silly currentTree ├── ignore-by-default@1.0.1
112 silly currentTree ├── ignore-walk@3.0.1
112 silly currentTree ├── import-lazy@2.1.0
112 silly currentTree ├── imurmurhash@0.1.4
112 silly currentTree ├── indent-string@3.2.0
112 silly currentTree ├── inflight@1.0.6
112 silly currentTree ├── inherits@2.0.3
112 silly currentTree ├── ini@1.3.5
112 silly currentTree ├── ipaddr.js@1.9.0
112 silly currentTree ├─┬ is-accessor-descriptor@0.1.6
112 silly currentTree │ └── kind-of@3.2.2
112 silly currentTree ├── is-arrayish@0.2.1
112 silly currentTree ├── is-binary-path@1.0.1
112 silly currentTree ├── is-buffer@1.1.6
112 silly currentTree ├── is-ci@1.2.1
112 silly currentTree ├─┬ is-data-descriptor@0.1.4
112 silly currentTree │ └── kind-of@3.2.2
112 silly currentTree ├─┬ is-descriptor@0.1.6
112 silly currentTree │ └── kind-of@5.1.0
112 silly currentTree ├── is-extendable@0.1.1
112 silly currentTree ├── is-extglob@2.1.1
112 silly currentTree ├── is-fullwidth-code-point@1.0.0
112 silly currentTree ├── is-glob@4.0.1
112 silly currentTree ├── is-installed-globally@0.1.0
112 silly currentTree ├── is-npm@1.0.0
112 silly currentTree ├─┬ is-number@3.0.0
112 silly currentTree │ └── kind-of@3.2.2
112 silly currentTree ├── is-obj@1.0.1
112 silly currentTree ├── is-path-inside@1.0.1
112 silly currentTree ├── is-plain-obj@1.1.0
112 silly currentTree ├── is-plain-object@2.0.4
112 silly currentTree ├── is-promise@2.1.0
112 silly currentTree ├── is-redirect@1.0.0
112 silly currentTree ├── is-retry-allowed@1.1.0
112 silly currentTree ├── is-stream@1.1.0
112 silly currentTree ├── is-windows@1.0.2
112 silly currentTree ├── isarray@1.0.0
112 silly currentTree ├── isexe@2.0.0
112 silly currentTree ├── isobject@3.0.1
112 silly currentTree ├── jade@1.11.0
112 silly currentTree ├── json-parse-better-errors@1.0.2
112 silly currentTree ├── jstransformer@0.0.2
112 silly currentTree ├── kareem@2.3.0
112 silly currentTree ├── kind-of@6.0.2
112 silly currentTree ├── latest-version@3.1.0
112 silly currentTree ├── lazy-cache@1.0.4
112 silly currentTree ├── load-json-file@4.0.0
112 silly currentTree ├── locate-path@2.0.0
112 silly currentTree ├── lodash@4.17.11
112 silly currentTree ├── longest@1.0.1
112 silly currentTree ├── loud-rejection@1.6.0
112 silly currentTree ├── lowercase-keys@1.0.1
112 silly currentTree ├─┬ lru-cache@4.1.5
112 silly currentTree │ └── yallist@2.1.2
112 silly currentTree ├── make-dir@1.3.0
112 silly currentTree ├── map-cache@0.2.2
112 silly currentTree ├── map-obj@2.0.0
112 silly currentTree ├── map-visit@1.0.0
112 silly currentTree ├── media-typer@0.3.0
112 silly currentTree ├── memory-pager@1.5.0
112 silly currentTree ├── meow@5.0.0
112 silly currentTree ├── merge-descriptors@1.0.1
112 silly currentTree ├── methods@1.1.2
112 silly currentTree ├── micromatch@3.1.10
112 silly currentTree ├── mime-db@1.40.0
112 silly currentTree ├── mime-types@2.1.24
112 silly currentTree ├── mime@1.4.1
112 silly currentTree ├── minimatch@3.0.4
112 silly currentTree ├── minimist-options@3.0.2
112 silly currentTree ├── minimist@0.0.8
112 silly currentTree ├── minipass@2.3.5
112 silly currentTree ├── minizlib@1.2.1
112 silly currentTree ├─┬ mixin-deep@1.3.1
112 silly currentTree │ └── is-extendable@1.0.1
112 silly currentTree ├── mkdirp@0.5.1
112 silly currentTree ├── mongodb-core@3.2.7
112 silly currentTree ├── mongodb@3.2.7
112 silly currentTree ├── mongoose-legacy-pluralize@1.0.2
112 silly currentTree ├─┬ mongoose@5.6.0
112 silly currentTree │ └── ms@2.1.2
112 silly currentTree ├── morgan@1.9.1
112 silly currentTree ├── mpath@0.6.0
112 silly currentTree ├─┬ mquery@3.2.1
112 silly currentTree │ └── debug@3.1.0
112 silly currentTree ├── ms@2.0.0
112 silly currentTree ├── multer@1.4.1
112 silly currentTree ├── nan@2.13.2
112 silly currentTree ├── nanomatch@1.2.13
112 silly currentTree ├─┬ needle@2.4.0
112 silly currentTree │ ├── debug@3.2.6
112 silly currentTree │ └── ms@2.1.2
112 silly currentTree ├── negotiator@0.6.2
112 silly currentTree ├── node-pre-gyp@0.12.0
112 silly currentTree ├─┬ nodemon@1.19.1
112 silly currentTree │ ├── debug@3.2.6
112 silly currentTree │ └── ms@2.1.2
112 silly currentTree ├── nopt@4.0.1
112 silly currentTree ├── normalize-package-data@2.5.0
112 silly currentTree ├── normalize-path@3.0.0
112 silly currentTree ├── npm-bundled@1.0.6
112 silly currentTree ├── npm-packlist@1.4.1
112 silly currentTree ├── npm-run-path@2.0.2
112 silly currentTree ├── npmlog@4.1.2
112 silly currentTree ├── number-is-nan@1.0.1
112 silly currentTree ├── object-assign@4.1.1
112 silly currentTree ├─┬ object-copy@0.1.0
112 silly currentTree │ ├── define-property@0.2.5
112 silly currentTree │ └── kind-of@3.2.2
112 silly currentTree ├── object-visit@1.0.1
112 silly currentTree ├── object.pick@1.3.0
112 silly currentTree ├── on-finished@2.3.0
112 silly currentTree ├── on-headers@1.0.2
112 silly currentTree ├── once@1.4.0
112 silly currentTree ├── optimist@0.3.7
112 silly currentTree ├── os-homedir@1.0.2
112 silly currentTree ├── os-tmpdir@1.0.2
112 silly currentTree ├── osenv@0.1.5
112 silly currentTree ├── p-finally@1.0.0
112 silly currentTree ├── p-limit@1.3.0
112 silly currentTree ├── p-locate@2.0.0
112 silly currentTree ├── p-try@1.0.0
112 silly currentTree ├── package-json@4.0.1
112 silly currentTree ├── parse-json@4.0.0
112 silly currentTree ├── parseurl@1.3.3
112 silly currentTree ├── pascalcase@0.1.1
112 silly currentTree ├── path-dirname@1.0.2
112 silly currentTree ├── path-exists@3.0.0
112 silly currentTree ├── path-is-absolute@1.0.1
112 silly currentTree ├── path-is-inside@1.0.2
112 silly currentTree ├── path-key@2.0.1
112 silly currentTree ├── path-parse@1.0.6
112 silly currentTree ├── path-to-regexp@0.1.7
112 silly currentTree ├── path-type@3.0.0
112 silly currentTree ├── pify@3.0.0
112 silly currentTree ├── posix-character-classes@0.1.1
112 silly currentTree ├── prepend-http@1.0.4
112 silly currentTree ├── process-nextick-args@2.0.0
112 silly currentTree ├── promise@6.1.0
112 silly currentTree ├── proxy-addr@2.0.5
112 silly currentTree ├── pseudomap@1.0.2
112 silly currentTree ├── pstree.remy@1.1.7
112 silly currentTree ├── qs@6.5.2
112 silly currentTree ├── quick-lru@1.1.0
112 silly currentTree ├── range-parser@1.2.1
112 silly currentTree ├─┬ raw-body@2.4.0
112 silly currentTree │ ├── http-errors@1.7.2
112 silly currentTree │ ├── setprototypeof@1.1.1
112 silly currentTree │ └── statuses@1.5.0
112 silly currentTree ├─┬ rc@1.2.8
112 silly currentTree │ └── minimist@1.2.0
112 silly currentTree ├── read-pkg-up@3.0.0
112 silly currentTree ├── read-pkg@3.0.0
112 silly currentTree ├── readable-stream@2.3.6
112 silly currentTree ├── readdirp@2.2.1
112 silly currentTree ├── redent@2.0.0
112 silly currentTree ├── regex-not@1.0.2
112 silly currentTree ├── regexp-clone@1.0.0
112 silly currentTree ├── registry-auth-token@3.4.0
112 silly currentTree ├── registry-url@3.1.0
112 silly currentTree ├── remove-trailing-separator@1.1.0
112 silly currentTree ├── repeat-element@1.1.3
112 silly currentTree ├── repeat-string@1.6.1
112 silly currentTree ├── require_optional@1.0.1
112 silly currentTree ├── resolve-from@2.0.0
112 silly currentTree ├── resolve-url@0.2.1
112 silly currentTree ├── resolve@1.11.0
112 silly currentTree ├── ret@0.1.15
112 silly currentTree ├── right-align@0.1.3
112 silly currentTree ├── rimraf@2.6.3
112 silly currentTree ├── round-to@3.0.0
112 silly currentTree ├── safe-buffer@5.1.2
112 silly currentTree ├── safe-regex@1.1.0
112 silly currentTree ├── safer-buffer@2.1.2
112 silly currentTree ├── saslprep@1.0.3
112 silly currentTree ├── sax@1.2.4
112 silly currentTree ├── semver-diff@2.1.0
112 silly currentTree ├── semver@5.7.0
112 silly currentTree ├── send@0.16.2
112 silly currentTree ├── serve-static@1.13.2
112 silly currentTree ├── set-blocking@2.0.0
112 silly currentTree ├─┬ set-value@2.0.0
112 silly currentTree │ └── extend-shallow@2.0.1
112 silly currentTree ├── setprototypeof@1.1.0
112 silly currentTree ├── shebang-command@1.2.0
112 silly currentTree ├── shebang-regex@1.0.0
112 silly currentTree ├── sift@7.0.1
112 silly currentTree ├── signal-exit@3.0.2
112 silly currentTree ├── sliced@1.0.1
112 silly currentTree ├─┬ snapdragon-node@2.1.1
112 silly currentTree │ ├── define-property@1.0.0
112 silly currentTree │ ├── is-accessor-descriptor@1.0.0
112 silly currentTree │ ├── is-data-descriptor@1.0.0
112 silly currentTree │ └── is-descriptor@1.0.2
112 silly currentTree ├─┬ snapdragon-util@3.0.1
112 silly currentTree │ └── kind-of@3.2.2
112 silly currentTree ├─┬ snapdragon@0.8.2
112 silly currentTree │ ├── define-property@0.2.5
112 silly currentTree │ └── extend-shallow@2.0.1
112 silly currentTree ├── source-map-resolve@0.5.2
112 silly currentTree ├── source-map-url@0.4.0
112 silly currentTree ├── source-map@0.5.7
112 silly currentTree ├── sparse-bitfield@3.0.3
112 silly currentTree ├── spdx-correct@3.1.0
112 silly currentTree ├── spdx-exceptions@2.2.0
112 silly currentTree ├── spdx-expression-parse@3.0.0
112 silly currentTree ├── spdx-license-ids@3.0.4
112 silly currentTree ├── split-string@3.1.0
112 silly currentTree ├─┬ static-extend@0.1.2
112 silly currentTree │ └── define-property@0.2.5
112 silly currentTree ├── statuses@1.4.0
112 silly currentTree ├── streamsearch@0.1.2
112 silly currentTree ├── string_decoder@1.1.1
112 silly currentTree ├── string-width@1.0.2
112 silly currentTree ├── strip-ansi@3.0.1
112 silly currentTree ├── strip-bom@3.0.0
112 silly currentTree ├── strip-eof@1.0.0
112 silly currentTree ├── strip-indent@2.0.0
112 silly currentTree ├── strip-json-comments@2.0.1
112 silly currentTree ├── supports-color@5.5.0
112 silly currentTree ├── tar@4.4.10
112 silly currentTree ├── term-size@1.2.0
112 silly currentTree ├── timed-out@4.0.1
112 silly currentTree ├─┬ to-object-path@0.3.0
112 silly currentTree │ └── kind-of@3.2.2
112 silly currentTree ├── to-regex-range@2.1.1
112 silly currentTree ├── to-regex@3.0.2
112 silly currentTree ├── toidentifier@1.0.0
112 silly currentTree ├─┬ touch@3.1.0
112 silly currentTree │ └── nopt@1.0.10
112 silly currentTree ├─┬ transformers@2.1.0
112 silly currentTree │ ├── is-promise@1.0.1
112 silly currentTree │ ├── promise@2.0.0
112 silly currentTree │ ├── source-map@0.1.43
112 silly currentTree │ └── uglify-js@2.2.5
112 silly currentTree ├── trim-newlines@2.0.0
112 silly currentTree ├── type-is@1.6.18
112 silly currentTree ├── typedarray@0.0.6
112 silly currentTree ├── uglify-js@2.8.29
112 silly currentTree ├── uglify-to-browserify@1.0.2
112 silly currentTree ├── undefsafe@2.0.2
112 silly currentTree ├─┬ union-value@1.0.0
112 silly currentTree │ ├── extend-shallow@2.0.1
112 silly currentTree │ └── set-value@0.4.3
112 silly currentTree ├── unique-string@1.0.0
112 silly currentTree ├── unpipe@1.0.0
112 silly currentTree ├─┬ unset-value@1.0.0
112 silly currentTree │ ├─┬ has-value@0.3.1
112 silly currentTree │ │ └── isobject@2.1.0
112 silly currentTree │ └── has-values@0.1.4
112 silly currentTree ├── unzip-response@2.0.1
112 silly currentTree ├── upath@1.1.2
112 silly currentTree ├── update-notifier@2.5.0
112 silly currentTree ├── urix@0.1.0
112 silly currentTree ├── url-parse-lax@1.0.0
112 silly currentTree ├── use@3.1.1
112 silly currentTree ├── util-deprecate@1.0.2
112 silly currentTree ├── utils-merge@1.0.1
112 silly currentTree ├── validate-npm-package-license@3.0.4
112 silly currentTree ├── vary@1.1.2
112 silly currentTree ├── void-elements@2.0.1
112 silly currentTree ├── which@1.3.1
112 silly currentTree ├── wide-align@1.1.3
112 silly currentTree ├─┬ widest-line@2.0.1
112 silly currentTree │ ├── ansi-regex@3.0.0
112 silly currentTree │ ├── is-fullwidth-code-point@2.0.0
112 silly currentTree │ ├── string-width@2.1.1
112 silly currentTree │ └── strip-ansi@4.0.0
112 silly currentTree ├── window-size@0.1.0
112 silly currentTree ├─┬ with@4.0.3
112 silly currentTree │ └── acorn@1.2.2
112 silly currentTree ├── wordwrap@0.0.3
112 silly currentTree ├── wrappy@1.0.2
112 silly currentTree ├── write-file-atomic@2.4.3
112 silly currentTree ├── xdg-basedir@3.0.0
112 silly currentTree ├── xtend@4.0.1
112 silly currentTree ├── yallist@3.0.3
112 silly currentTree ├── yargs-parser@10.1.0
112 silly currentTree └─┬ yargs@3.10.0
112 silly currentTree   └── camelcase@1.2.1
113 silly idealTree server@0.0.0
113 silly idealTree ├── abbrev@1.1.1
113 silly idealTree ├── accepts@1.3.7
113 silly idealTree ├── acorn-globals@1.0.9
113 silly idealTree ├── acorn@2.7.0
113 silly idealTree ├─┬ align-text@0.1.4
113 silly idealTree │ └── kind-of@3.2.2
113 silly idealTree ├── amdefine@1.0.1
113 silly idealTree ├─┬ ansi-align@2.0.0
113 silly idealTree │ ├── ansi-regex@3.0.0
113 silly idealTree │ ├── is-fullwidth-code-point@2.0.0
113 silly idealTree │ ├── string-width@2.1.1
113 silly idealTree │ └── strip-ansi@4.0.0
113 silly idealTree ├── ansi-regex@2.1.1
113 silly idealTree ├── ansi-styles@3.2.1
113 silly idealTree ├─┬ anymatch@2.0.0
113 silly idealTree │ └── normalize-path@2.1.1
113 silly idealTree ├── append-field@1.0.0
113 silly idealTree ├── aproba@1.2.0
113 silly idealTree ├── are-we-there-yet@1.1.5
113 silly idealTree ├── arr-diff@4.0.0
113 silly idealTree ├── arr-flatten@1.1.0
113 silly idealTree ├── arr-union@3.1.0
113 silly idealTree ├── array-find-index@1.0.2
113 silly idealTree ├── array-flatten@1.1.1
113 silly idealTree ├── array-unique@0.3.2
113 silly idealTree ├── arrify@1.0.1
113 silly idealTree ├── asap@1.0.0
113 silly idealTree ├── assign-symbols@1.0.0
113 silly idealTree ├── async-each@1.0.3
113 silly idealTree ├── async@2.6.2
113 silly idealTree ├── atob@2.1.2
113 silly idealTree ├── balanced-match@1.0.0
113 silly idealTree ├─┬ base@0.11.2
113 silly idealTree │ ├── define-property@1.0.0
113 silly idealTree │ ├── is-accessor-descriptor@1.0.0
113 silly idealTree │ ├── is-data-descriptor@1.0.0
113 silly idealTree │ └── is-descriptor@1.0.2
113 silly idealTree ├── basic-auth@2.0.1
113 silly idealTree ├── bcrypt@3.0.6
113 silly idealTree ├── binary-extensions@1.13.1
113 silly idealTree ├── bluebird@3.5.1
113 silly idealTree ├─┬ body-parser@1.19.0
113 silly idealTree │ ├── http-errors@1.7.2
113 silly idealTree │ ├── qs@6.7.0
113 silly idealTree │ ├── setprototypeof@1.1.1
113 silly idealTree │ └── statuses@1.5.0
113 silly idealTree ├─┬ boxen@1.3.0
113 silly idealTree │ ├── ansi-regex@3.0.0
113 silly idealTree │ ├── is-fullwidth-code-point@2.0.0
113 silly idealTree │ ├── string-width@2.1.1
113 silly idealTree │ └── strip-ansi@4.0.0
113 silly idealTree ├── brace-expansion@1.1.11
113 silly idealTree ├─┬ braces@2.3.2
113 silly idealTree │ └── extend-shallow@2.0.1
113 silly idealTree ├── bson@1.1.1
113 silly idealTree ├── buffer-from@1.1.1
113 silly idealTree ├─┬ busboy@0.2.14
113 silly idealTree │ ├── isarray@0.0.1
113 silly idealTree │ ├── readable-stream@1.1.14
113 silly idealTree │ └── string_decoder@0.10.31
113 silly idealTree ├── bytes@3.1.0
113 silly idealTree ├── cache-base@1.0.1
113 silly idealTree ├── camelcase-keys@4.2.0
113 silly idealTree ├── camelcase@4.1.0
113 silly idealTree ├── capture-stack-trace@1.0.1
113 silly idealTree ├── center-align@0.1.3
113 silly idealTree ├── chalk@2.4.2
113 silly idealTree ├── character-parser@1.2.1
113 silly idealTree ├── chokidar@2.1.6
113 silly idealTree ├── chownr@1.1.1
113 silly idealTree ├── ci-info@1.6.0
113 silly idealTree ├─┬ class-utils@0.3.6
113 silly idealTree │ └── define-property@0.2.5
113 silly idealTree ├─┬ clean-css@3.4.28
113 silly idealTree │ ├── commander@2.8.1
113 silly idealTree │ └── source-map@0.4.4
113 silly idealTree ├── cli-boxes@1.0.0
113 silly idealTree ├─┬ cli-table3@0.5.1
113 silly idealTree │ ├── ansi-regex@3.0.0
113 silly idealTree │ ├── is-fullwidth-code-point@2.0.0
113 silly idealTree │ ├── string-width@2.1.1
113 silly idealTree │ └── strip-ansi@4.0.0
113 silly idealTree ├─┬ cliui@2.1.0
113 silly idealTree │ └── wordwrap@0.0.2
113 silly idealTree ├── code-point-at@1.1.0
113 silly idealTree ├── collection-visit@1.0.0
113 silly idealTree ├── color-convert@1.9.3
113 silly idealTree ├── color-name@1.1.3
113 silly idealTree ├── colors@1.3.3
113 silly idealTree ├── commander@2.6.0
113 silly idealTree ├── component-emitter@1.3.0
113 silly idealTree ├── concat-map@0.0.1
113 silly idealTree ├── concat-stream@1.6.2
113 silly idealTree ├── configstore@3.1.2
113 silly idealTree ├── console-control-strings@1.1.0
113 silly idealTree ├── constantinople@3.0.2
113 silly idealTree ├── content-disposition@0.5.2
113 silly idealTree ├── content-type@1.0.4
113 silly idealTree ├── cookie-parser@1.4.4
113 silly idealTree ├── cookie-signature@1.0.6
113 silly idealTree ├── cookie@0.3.1
113 silly idealTree ├── copy-descriptor@0.1.1
113 silly idealTree ├── core-util-is@1.0.2
113 silly idealTree ├── cors@2.8.5
113 silly idealTree ├── create-error-class@3.0.2
113 silly idealTree ├── cross-spawn@5.1.0
113 silly idealTree ├── crypto-random-string@1.0.0
113 silly idealTree ├── css-parse@1.0.4
113 silly idealTree ├── css-stringify@1.0.5
113 silly idealTree ├── css@1.0.8
113 silly idealTree ├── currently-unhandled@0.4.1
113 silly idealTree ├── debug@2.6.9
113 silly idealTree ├─┬ decamelize-keys@1.1.0
113 silly idealTree │ └── map-obj@1.0.1
113 silly idealTree ├── decamelize@1.2.0
113 silly idealTree ├── decode-uri-component@0.2.0
113 silly idealTree ├── deep-extend@0.6.0
113 silly idealTree ├─┬ define-property@2.0.2
113 silly idealTree │ ├── is-accessor-descriptor@1.0.0
113 silly idealTree │ ├── is-data-descriptor@1.0.0
113 silly idealTree │ └── is-descriptor@1.0.2
113 silly idealTree ├── delegates@1.0.0
113 silly idealTree ├── depd@1.1.2
113 silly idealTree ├── destroy@1.0.4
113 silly idealTree ├── detect-libc@1.0.3
113 silly idealTree ├─┬ dicer@0.2.5
113 silly idealTree │ ├── isarray@0.0.1
113 silly idealTree │ ├── readable-stream@1.1.14
113 silly idealTree │ └── string_decoder@0.10.31
113 silly idealTree ├── dot-prop@4.2.0
113 silly idealTree ├── ds18b20-raspi@0.3.3
113 silly idealTree ├── duplexer3@0.1.4
113 silly idealTree ├── ee-first@1.1.1
113 silly idealTree ├── encodeurl@1.0.2
113 silly idealTree ├── error-ex@1.3.2
113 silly idealTree ├── escape-html@1.0.3
113 silly idealTree ├── escape-string-regexp@1.0.5
113 silly idealTree ├── etag@1.8.1
113 silly idealTree ├── execa@0.7.0
113 silly idealTree ├─┬ expand-brackets@2.1.4
113 silly idealTree │ ├── define-property@0.2.5
113 silly idealTree │ └── extend-shallow@2.0.1
113 silly idealTree ├─┬ express@4.16.4
113 silly idealTree │ ├── body-parser@1.18.3
113 silly idealTree │ ├── bytes@3.0.0
113 silly idealTree │ ├── iconv-lite@0.4.23
113 silly idealTree │ └── raw-body@2.3.3
113 silly idealTree ├─┬ extend-shallow@3.0.2
113 silly idealTree │ └── is-extendable@1.0.1
113 silly idealTree ├─┬ extglob@2.0.4
113 silly idealTree │ ├── define-property@1.0.0
113 silly idealTree │ ├── extend-shallow@2.0.1
113 silly idealTree │ ├── is-accessor-descriptor@1.0.0
113 silly idealTree │ ├── is-data-descriptor@1.0.0
113 silly idealTree │ └── is-descriptor@1.0.2
113 silly idealTree ├─┬ fill-range@4.0.0
113 silly idealTree │ └── extend-shallow@2.0.1
113 silly idealTree ├── finalhandler@1.1.1
113 silly idealTree ├── find-up@2.1.0
113 silly idealTree ├── for-in@1.0.2
113 silly idealTree ├── forwarded@0.1.2
113 silly idealTree ├── fragment-cache@0.2.1
113 silly idealTree ├── fresh@0.5.2
113 silly idealTree ├── fs-minipass@1.2.6
113 silly idealTree ├── fs.realpath@1.0.0
113 silly idealTree ├── gauge@2.7.4
113 silly idealTree ├── get-stream@3.0.0
113 silly idealTree ├── get-value@2.0.6
113 silly idealTree ├─┬ glob-parent@3.1.0
113 silly idealTree │ └── is-glob@3.1.0
113 silly idealTree ├── glob@7.1.4
113 silly idealTree ├── global-dirs@0.1.1
113 silly idealTree ├── got@6.7.1
113 silly idealTree ├── graceful-fs@4.1.15
113 silly idealTree ├── graceful-readlink@1.0.1
113 silly idealTree ├── has-flag@3.0.0
113 silly idealTree ├── has-unicode@2.0.1
113 silly idealTree ├── has-value@1.0.0
113 silly idealTree ├─┬ has-values@1.0.0
113 silly idealTree │ └── kind-of@4.0.0
113 silly idealTree ├── hosted-git-info@2.7.1
113 silly idealTree ├── http-errors@1.6.3
113 silly idealTree ├── iconv-lite@0.4.24
113 silly idealTree ├── ignore-by-default@1.0.1
113 silly idealTree ├── ignore-walk@3.0.1
113 silly idealTree ├── import-lazy@2.1.0
113 silly idealTree ├── imurmurhash@0.1.4
113 silly idealTree ├── indent-string@3.2.0
113 silly idealTree ├── inflight@1.0.6
113 silly idealTree ├── inherits@2.0.3
113 silly idealTree ├── ini@1.3.5
113 silly idealTree ├── ipaddr.js@1.9.0
113 silly idealTree ├─┬ is-accessor-descriptor@0.1.6
113 silly idealTree │ └── kind-of@3.2.2
113 silly idealTree ├── is-arrayish@0.2.1
113 silly idealTree ├── is-binary-path@1.0.1
113 silly idealTree ├── is-buffer@1.1.6
113 silly idealTree ├── is-ci@1.2.1
113 silly idealTree ├─┬ is-data-descriptor@0.1.4
113 silly idealTree │ └── kind-of@3.2.2
113 silly idealTree ├─┬ is-descriptor@0.1.6
113 silly idealTree │ └── kind-of@5.1.0
113 silly idealTree ├── is-extendable@0.1.1
113 silly idealTree ├── is-extglob@2.1.1
113 silly idealTree ├── is-fullwidth-code-point@1.0.0
113 silly idealTree ├── is-glob@4.0.1
113 silly idealTree ├── is-installed-globally@0.1.0
113 silly idealTree ├── is-npm@1.0.0
113 silly idealTree ├─┬ is-number@3.0.0
113 silly idealTree │ └── kind-of@3.2.2
113 silly idealTree ├── is-obj@1.0.1
113 silly idealTree ├── is-path-inside@1.0.1
113 silly idealTree ├── is-plain-obj@1.1.0
113 silly idealTree ├── is-plain-object@2.0.4
113 silly idealTree ├── is-promise@2.1.0
113 silly idealTree ├── is-redirect@1.0.0
113 silly idealTree ├── is-retry-allowed@1.1.0
113 silly idealTree ├── is-stream@1.1.0
113 silly idealTree ├── is-windows@1.0.2
113 silly idealTree ├── isarray@1.0.0
113 silly idealTree ├── isexe@2.0.0
113 silly idealTree ├── isobject@3.0.1
113 silly idealTree ├── jade@1.11.0
113 silly idealTree ├── json-parse-better-errors@1.0.2
113 silly idealTree ├── jstransformer@0.0.2
113 silly idealTree ├── kareem@2.3.0
113 silly idealTree ├── kind-of@6.0.2
113 silly idealTree ├── latest-version@3.1.0
113 silly idealTree ├── lazy-cache@1.0.4
113 silly idealTree ├── load-json-file@4.0.0
113 silly idealTree ├── locate-path@2.0.0
113 silly idealTree ├── lodash@4.17.11
113 silly idealTree ├── longest@1.0.1
113 silly idealTree ├── loud-rejection@1.6.0
113 silly idealTree ├── lowercase-keys@1.0.1
113 silly idealTree ├─┬ lru-cache@4.1.5
113 silly idealTree │ └── yallist@2.1.2
113 silly idealTree ├── make-dir@1.3.0
113 silly idealTree ├── map-cache@0.2.2
113 silly idealTree ├── map-obj@2.0.0
113 silly idealTree ├── map-visit@1.0.0
113 silly idealTree ├── media-typer@0.3.0
113 silly idealTree ├── memory-pager@1.5.0
113 silly idealTree ├── meow@5.0.0
113 silly idealTree ├── merge-descriptors@1.0.1
113 silly idealTree ├── methods@1.1.2
113 silly idealTree ├── micromatch@3.1.10
113 silly idealTree ├── mime-db@1.40.0
113 silly idealTree ├── mime-types@2.1.24
113 silly idealTree ├── mime@1.4.1
113 silly idealTree ├── minimatch@3.0.4
113 silly idealTree ├── minimist-options@3.0.2
113 silly idealTree ├── minimist@0.0.8
113 silly idealTree ├── minipass@2.3.5
113 silly idealTree ├── minizlib@1.2.1
113 silly idealTree ├─┬ mixin-deep@1.3.1
113 silly idealTree │ └── is-extendable@1.0.1
113 silly idealTree ├── mkdirp@0.5.1
113 silly idealTree ├── mongodb-core@3.2.7
113 silly idealTree ├── mongodb@3.2.7
113 silly idealTree ├── mongoose-legacy-pluralize@1.0.2
113 silly idealTree ├─┬ mongoose@5.6.0
113 silly idealTree │ └── ms@2.1.2
113 silly idealTree ├── morgan@1.9.1
113 silly idealTree ├── mpath@0.6.0
113 silly idealTree ├─┬ mquery@3.2.1
113 silly idealTree │ └── debug@3.1.0
113 silly idealTree ├── ms@2.0.0
113 silly idealTree ├── multer@1.4.1
113 silly idealTree ├── nan@2.13.2
113 silly idealTree ├── nanomatch@1.2.13
113 silly idealTree ├─┬ needle@2.4.0
113 silly idealTree │ ├── debug@3.2.6
113 silly idealTree │ └── ms@2.1.2
113 silly idealTree ├── negotiator@0.6.2
113 silly idealTree ├── node-addon-api@1.6.3
113 silly idealTree ├── node-dht-sensor@0.3.0
113 silly idealTree ├── node-pre-gyp@0.12.0
113 silly idealTree ├─┬ nodemon@1.19.1
113 silly idealTree │ ├── debug@3.2.6
113 silly idealTree │ └── ms@2.1.2
113 silly idealTree ├── nopt@4.0.1
113 silly idealTree ├── normalize-package-data@2.5.0
113 silly idealTree ├── normalize-path@3.0.0
113 silly idealTree ├── npm-bundled@1.0.6
113 silly idealTree ├── npm-packlist@1.4.1
113 silly idealTree ├── npm-run-path@2.0.2
113 silly idealTree ├── npmlog@4.1.2
113 silly idealTree ├── number-is-nan@1.0.1
113 silly idealTree ├── object-assign@4.1.1
113 silly idealTree ├─┬ object-copy@0.1.0
113 silly idealTree │ ├── define-property@0.2.5
113 silly idealTree │ └── kind-of@3.2.2
113 silly idealTree ├── object-visit@1.0.1
113 silly idealTree ├── object.pick@1.3.0
113 silly idealTree ├── on-finished@2.3.0
113 silly idealTree ├── on-headers@1.0.2
113 silly idealTree ├── once@1.4.0
113 silly idealTree ├── optimist@0.3.7
113 silly idealTree ├── os-homedir@1.0.2
113 silly idealTree ├── os-tmpdir@1.0.2
113 silly idealTree ├── osenv@0.1.5
113 silly idealTree ├── p-finally@1.0.0
113 silly idealTree ├── p-limit@1.3.0
113 silly idealTree ├── p-locate@2.0.0
113 silly idealTree ├── p-try@1.0.0
113 silly idealTree ├── package-json@4.0.1
113 silly idealTree ├── parse-json@4.0.0
113 silly idealTree ├── parseurl@1.3.3
113 silly idealTree ├── pascalcase@0.1.1
113 silly idealTree ├── path-dirname@1.0.2
113 silly idealTree ├── path-exists@3.0.0
113 silly idealTree ├── path-is-absolute@1.0.1
113 silly idealTree ├── path-is-inside@1.0.2
113 silly idealTree ├── path-key@2.0.1
113 silly idealTree ├── path-parse@1.0.6
113 silly idealTree ├── path-to-regexp@0.1.7
113 silly idealTree ├── path-type@3.0.0
113 silly idealTree ├── pify@3.0.0
113 silly idealTree ├── posix-character-classes@0.1.1
113 silly idealTree ├── prepend-http@1.0.4
113 silly idealTree ├── process-nextick-args@2.0.0
113 silly idealTree ├── promise@6.1.0
113 silly idealTree ├── proxy-addr@2.0.5
113 silly idealTree ├── pseudomap@1.0.2
113 silly idealTree ├── pstree.remy@1.1.7
113 silly idealTree ├── qs@6.5.2
113 silly idealTree ├── quick-lru@1.1.0
113 silly idealTree ├── range-parser@1.2.1
113 silly idealTree ├─┬ raw-body@2.4.0
113 silly idealTree │ ├── http-errors@1.7.2
113 silly idealTree │ ├── setprototypeof@1.1.1
113 silly idealTree │ └── statuses@1.5.0
113 silly idealTree ├─┬ rc@1.2.8
113 silly idealTree │ └── minimist@1.2.0
113 silly idealTree ├── read-pkg-up@3.0.0
113 silly idealTree ├── read-pkg@3.0.0
113 silly idealTree ├── readable-stream@2.3.6
113 silly idealTree ├── readdirp@2.2.1
113 silly idealTree ├── redent@2.0.0
113 silly idealTree ├── regex-not@1.0.2
113 silly idealTree ├── regexp-clone@1.0.0
113 silly idealTree ├── registry-auth-token@3.4.0
113 silly idealTree ├── registry-url@3.1.0
113 silly idealTree ├── remove-trailing-separator@1.1.0
113 silly idealTree ├── repeat-element@1.1.3
113 silly idealTree ├── repeat-string@1.6.1
113 silly idealTree ├── require_optional@1.0.1
113 silly idealTree ├── resolve-from@2.0.0
113 silly idealTree ├── resolve-url@0.2.1
113 silly idealTree ├── resolve@1.11.0
113 silly idealTree ├── ret@0.1.15
113 silly idealTree ├── right-align@0.1.3
113 silly idealTree ├── rimraf@2.6.3
113 silly idealTree ├── round-to@3.0.0
113 silly idealTree ├── safe-buffer@5.1.2
113 silly idealTree ├── safe-regex@1.1.0
113 silly idealTree ├── safer-buffer@2.1.2
113 silly idealTree ├── saslprep@1.0.3
113 silly idealTree ├── sax@1.2.4
113 silly idealTree ├── semver-diff@2.1.0
113 silly idealTree ├── semver@5.7.0
113 silly idealTree ├── send@0.16.2
113 silly idealTree ├── serve-static@1.13.2
113 silly idealTree ├── set-blocking@2.0.0
113 silly idealTree ├─┬ set-value@2.0.0
113 silly idealTree │ └── extend-shallow@2.0.1
113 silly idealTree ├── setprototypeof@1.1.0
113 silly idealTree ├── shebang-command@1.2.0
113 silly idealTree ├── shebang-regex@1.0.0
113 silly idealTree ├── sift@7.0.1
113 silly idealTree ├── signal-exit@3.0.2
113 silly idealTree ├── sliced@1.0.1
113 silly idealTree ├─┬ snapdragon-node@2.1.1
113 silly idealTree │ ├── define-property@1.0.0
113 silly idealTree │ ├── is-accessor-descriptor@1.0.0
113 silly idealTree │ ├── is-data-descriptor@1.0.0
113 silly idealTree │ └── is-descriptor@1.0.2
113 silly idealTree ├─┬ snapdragon-util@3.0.1
113 silly idealTree │ └── kind-of@3.2.2
113 silly idealTree ├─┬ snapdragon@0.8.2
113 silly idealTree │ ├── define-property@0.2.5
113 silly idealTree │ └── extend-shallow@2.0.1
113 silly idealTree ├── source-map-resolve@0.5.2
113 silly idealTree ├── source-map-url@0.4.0
113 silly idealTree ├── source-map@0.5.7
113 silly idealTree ├── sparse-bitfield@3.0.3
113 silly idealTree ├── spdx-correct@3.1.0
113 silly idealTree ├── spdx-exceptions@2.2.0
113 silly idealTree ├── spdx-expression-parse@3.0.0
113 silly idealTree ├── spdx-license-ids@3.0.4
113 silly idealTree ├── split-string@3.1.0
113 silly idealTree ├─┬ static-extend@0.1.2
113 silly idealTree │ └── define-property@0.2.5
113 silly idealTree ├── statuses@1.4.0
113 silly idealTree ├── streamsearch@0.1.2
113 silly idealTree ├── string_decoder@1.1.1
113 silly idealTree ├── string-width@1.0.2
113 silly idealTree ├── strip-ansi@3.0.1
113 silly idealTree ├── strip-bom@3.0.0
113 silly idealTree ├── strip-eof@1.0.0
113 silly idealTree ├── strip-indent@2.0.0
113 silly idealTree ├── strip-json-comments@2.0.1
113 silly idealTree ├── supports-color@5.5.0
113 silly idealTree ├── tar@4.4.10
113 silly idealTree ├── term-size@1.2.0
113 silly idealTree ├── timed-out@4.0.1
113 silly idealTree ├─┬ to-object-path@0.3.0
113 silly idealTree │ └── kind-of@3.2.2
113 silly idealTree ├── to-regex-range@2.1.1
113 silly idealTree ├── to-regex@3.0.2
113 silly idealTree ├── toidentifier@1.0.0
113 silly idealTree ├─┬ touch@3.1.0
113 silly idealTree │ └── nopt@1.0.10
113 silly idealTree ├─┬ transformers@2.1.0
113 silly idealTree │ ├── is-promise@1.0.1
113 silly idealTree │ ├── promise@2.0.0
113 silly idealTree │ ├── source-map@0.1.43
113 silly idealTree │ └── uglify-js@2.2.5
113 silly idealTree ├── trim-newlines@2.0.0
113 silly idealTree ├── type-is@1.6.18
113 silly idealTree ├── typedarray@0.0.6
113 silly idealTree ├── uglify-js@2.8.29
113 silly idealTree ├── uglify-to-browserify@1.0.2
113 silly idealTree ├── undefsafe@2.0.2
113 silly idealTree ├─┬ union-value@1.0.0
113 silly idealTree │ ├── extend-shallow@2.0.1
113 silly idealTree │ └── set-value@0.4.3
113 silly idealTree ├── unique-string@1.0.0
113 silly idealTree ├── unpipe@1.0.0
113 silly idealTree ├─┬ unset-value@1.0.0
113 silly idealTree │ ├─┬ has-value@0.3.1
113 silly idealTree │ │ └── isobject@2.1.0
113 silly idealTree │ └── has-values@0.1.4
113 silly idealTree ├── unzip-response@2.0.1
113 silly idealTree ├── upath@1.1.2
113 silly idealTree ├── update-notifier@2.5.0
113 silly idealTree ├── urix@0.1.0
113 silly idealTree ├── url-parse-lax@1.0.0
113 silly idealTree ├── use@3.1.1
113 silly idealTree ├── util-deprecate@1.0.2
113 silly idealTree ├── utils-merge@1.0.1
113 silly idealTree ├── validate-npm-package-license@3.0.4
113 silly idealTree ├── vary@1.1.2
113 silly idealTree ├── void-elements@2.0.1
113 silly idealTree ├── which@1.3.1
113 silly idealTree ├── wide-align@1.1.3
113 silly idealTree ├─┬ widest-line@2.0.1
113 silly idealTree │ ├── ansi-regex@3.0.0
113 silly idealTree │ ├── is-fullwidth-code-point@2.0.0
113 silly idealTree │ ├── string-width@2.1.1
113 silly idealTree │ └── strip-ansi@4.0.0
113 silly idealTree ├── window-size@0.1.0
113 silly idealTree ├─┬ with@4.0.3
113 silly idealTree │ └── acorn@1.2.2
113 silly idealTree ├── wordwrap@0.0.3
113 silly idealTree ├── wrappy@1.0.2
113 silly idealTree ├── write-file-atomic@2.4.3
113 silly idealTree ├── xdg-basedir@3.0.0
113 silly idealTree ├── xtend@4.0.1
113 silly idealTree ├── yallist@3.0.3
113 silly idealTree ├── yargs-parser@10.1.0
113 silly idealTree └─┬ yargs@3.10.0
113 silly idealTree   └── camelcase@1.2.1
114 silly generateActionsToTake Starting
115 silly install generateActionsToTake
116 silly generateActionsToTake Finishing
117 silly diffTrees action count 2
118 silly diffTrees add node-addon-api@1.6.3
119 silly diffTrees add node-dht-sensor@0.3.0
120 silly decomposeActions action count 16
121 silly decomposeActions fetch node-addon-api@1.6.3
122 silly decomposeActions extract node-addon-api@1.6.3
123 silly decomposeActions test node-addon-api@1.6.3
124 silly decomposeActions preinstall node-addon-api@1.6.3
125 silly decomposeActions build node-addon-api@1.6.3
126 silly decomposeActions install node-addon-api@1.6.3
127 silly decomposeActions postinstall node-addon-api@1.6.3
128 silly decomposeActions finalize node-addon-api@1.6.3
129 silly decomposeActions fetch node-dht-sensor@0.3.0
130 silly decomposeActions extract node-dht-sensor@0.3.0
131 silly decomposeActions test node-dht-sensor@0.3.0
132 silly decomposeActions preinstall node-dht-sensor@0.3.0
133 silly decomposeActions build node-dht-sensor@0.3.0
134 silly decomposeActions install node-dht-sensor@0.3.0
135 silly decomposeActions postinstall node-dht-sensor@0.3.0
136 silly decomposeActions finalize node-dht-sensor@0.3.0
137 silly executeActions Starting
138 silly install executeActions
139 silly doSerial global-install 0
140 silly doParallel fetch 2
141 verbose lock using /home/marcin/.npm/_locks/staging-b296b91324c9946f.lock for /home/marcin/Pulpit/Praca Inżynierska/Server/node_modules/.staging
142 silly doParallel extract 2
143 silly extract node-addon-api@1.6.3
144 silly extract node-dht-sensor@0.3.0
145 verbose unbuild node_modules/.staging/node-addon-api-c40c45da
146 verbose unbuild node_modules/.staging/node-dht-sensor-cc24b748
147 silly gentlyRm /home/marcin/Pulpit/Praca Inżynierska/Server/node_modules/.staging/node-addon-api-c40c45da is being purged from base /home/marcin/Pulpit/Praca Inżynierska/Server
148 verbose gentlyRm don't care about contents; nuking /home/marcin/Pulpit/Praca Inżynierska/Server/node_modules/.staging/node-addon-api-c40c45da
149 silly gentlyRm /home/marcin/Pulpit/Praca Inżynierska/Server/node_modules/.staging/node-dht-sensor-cc24b748 is being purged from base /home/marcin/Pulpit/Praca Inżynierska/Server
150 verbose gentlyRm don't care about contents; nuking /home/marcin/Pulpit/Praca Inżynierska/Server/node_modules/.staging/node-dht-sensor-cc24b748
151 verbose tar unpack /home/marcin/.npm/node-addon-api/1.6.3/package.tgz
152 verbose tar unpacking to /home/marcin/Pulpit/Praca Inżynierska/Server/node_modules/.staging/node-addon-api-c40c45da
153 silly gentlyRm /home/marcin/Pulpit/Praca Inżynierska/Server/node_modules/.staging/node-addon-api-c40c45da is being purged
154 verbose gentlyRm don't care about contents; nuking /home/marcin/Pulpit/Praca Inżynierska/Server/node_modules/.staging/node-addon-api-c40c45da
155 verbose tar unpack /home/marcin/.npm/node-dht-sensor/0.3.0/package.tgz
156 verbose tar unpacking to /home/marcin/Pulpit/Praca Inżynierska/Server/node_modules/.staging/node-dht-sensor-cc24b748
157 silly gentlyRm /home/marcin/Pulpit/Praca Inżynierska/Server/node_modules/.staging/node-dht-sensor-cc24b748 is being purged
158 verbose gentlyRm don't care about contents; nuking /home/marcin/Pulpit/Praca Inżynierska/Server/node_modules/.staging/node-dht-sensor-cc24b748
159 silly gunzTarPerm modes [ '755', '644' ]
160 silly gunzTarPerm modes [ '755', '644' ]
161 silly gunzTarPerm extractEntry package.json
162 silly gunzTarPerm extractEntry package.json
163 silly gunzTarPerm modified mode [ 'package.json', 448, 484 ]
164 silly gunzTarPerm extractEntry .editorconfig
165 silly gunzTarPerm extractEntry .travis.yml
166 silly gunzTarPerm extractEntry binding.gyp
167 silly gunzTarPerm extractEntry LICENSE
168 silly gunzTarPerm extractEntry appveyor.yml
169 silly gunzTarPerm extractEntry CHANGELOG.md
170 silly gunzTarPerm extractEntry README.md
171 silly gunzTarPerm extractEntry lib/index.js
172 silly gunzTarPerm extractEntry src/bcm2835/bcm2835.c
173 silly gunzTarPerm extractEntry src/bcm2835/bcm2835.h
174 silly gunzTarPerm extractEntry src/dht-sensor.cpp
175 silly gunzTarPerm extractEntry src/dht-sensor.h
176 silly gunzTarPerm extractEntry src/node-dht-sensor.cpp
177 silly gunzTarPerm extractEntry src/util.cpp
178 silly gunzTarPerm extractEntry src/util.h
179 silly gunzTarPerm extractEntry CODE_OF_CONDUCT.md
180 silly gunzTarPerm extractEntry index.js
181 silly gunzTarPerm extractEntry LICENSE.md
182 silly gunzTarPerm extractEntry napi-inl.deprecated.h
183 silly gunzTarPerm extractEntry napi-inl.h
184 silly gunzTarPerm extractEntry napi.h
185 silly gunzTarPerm extractEntry README.md
186 silly gunzTarPerm extractEntry doc/array_buffer.md
187 silly gunzTarPerm extractEntry doc/async_context.md
188 silly gunzTarPerm extractEntry doc/async_operations.md
189 silly gunzTarPerm extractEntry doc/async_worker.md
190 silly gunzTarPerm extractEntry doc/basic_types.md
191 silly gunzTarPerm extractEntry doc/bigint.md
192 silly gunzTarPerm extractEntry doc/boolean.md
193 silly gunzTarPerm extractEntry doc/buffer.md
194 silly gunzTarPerm extractEntry doc/callback_scope.md
195 silly gunzTarPerm extractEntry doc/callbackinfo.md
196 silly gunzTarPerm extractEntry doc/checker-tool.md
197 silly gunzTarPerm extractEntry doc/class_property_descriptor.md
198 silly gunzTarPerm extractEntry doc/cmake-js.md
199 silly gunzTarPerm extractEntry doc/conversion-tool.md
200 silly gunzTarPerm extractEntry doc/creating_a_release.md
201 silly gunzTarPerm extractEntry doc/dataview.md
202 silly gunzTarPerm extractEntry doc/Doxyfile
203 silly gunzTarPerm extractEntry doc/env.md
204 silly gunzTarPerm extractEntry doc/error_handling.md
205 silly gunzTarPerm extractEntry doc/error.md
206 silly gunzTarPerm extractEntry doc/escapable_handle_scope.md
207 silly gunzTarPerm extractEntry doc/external.md
208 silly gentlyRm /home/marcin/Pulpit/Praca Inżynierska/Server/node_modules/.staging/node-dht-sensor-cc24b748/node_modules is being purged
209 verbose gentlyRm don't care about contents; nuking /home/marcin/Pulpit/Praca Inżynierska/Server/node_modules/.staging/node-dht-sensor-cc24b748/node_modules
210 silly gunzTarPerm extractEntry doc/function_reference.md
211 silly gunzTarPerm extractEntry doc/function.md
212 silly gunzTarPerm extractEntry doc/generator.md
213 silly gunzTarPerm extractEntry doc/handle_scope.md
214 silly gunzTarPerm extractEntry doc/memory_management.md
215 silly gunzTarPerm extractEntry doc/node-gyp.md
216 silly gunzTarPerm extractEntry doc/number.md
217 silly gunzTarPerm extractEntry doc/object_lifetime_management.md
218 silly gunzTarPerm extractEntry doc/object_reference.md
219 silly gunzTarPerm extractEntry doc/object_wrap.md
220 silly gunzTarPerm extractEntry doc/object.md
221 silly gunzTarPerm extractEntry doc/prebuild_tools.md
222 silly gunzTarPerm extractEntry doc/promises.md
223 silly gunzTarPerm extractEntry doc/property_descriptor.md
224 silly gunzTarPerm extractEntry doc/range_error.md
225 silly gunzTarPerm extractEntry doc/reference.md
226 silly gunzTarPerm extractEntry doc/setup.md
227 silly gunzTarPerm extractEntry doc/string.md
228 silly gunzTarPerm extractEntry doc/symbol.md
229 silly gunzTarPerm extractEntry doc/type_error.md
230 silly gunzTarPerm extractEntry doc/typed_array_of.md
231 silly gunzTarPerm extractEntry doc/typed_array.md
232 silly gunzTarPerm extractEntry doc/value.md
233 silly gunzTarPerm extractEntry doc/version_management.md
234 silly gunzTarPerm extractEntry doc/working_with_javascript_values.md
235 silly gunzTarPerm extractEntry external-napi/node_api.h
236 silly gunzTarPerm extractEntry src/node_api_types.h
237 silly gunzTarPerm extractEntry src/node_api.cc
238 silly gunzTarPerm extractEntry src/node_api.gyp
239 silly gunzTarPerm extractEntry src/node_api.h
240 silly gunzTarPerm extractEntry src/node_internals.cc
241 silly gunzTarPerm extractEntry src/node_internals.h
242 silly gunzTarPerm extractEntry src/nothing.c
243 silly gunzTarPerm extractEntry src/util-inl.h
244 silly gunzTarPerm extractEntry src/util.h
245 silly gunzTarPerm extractEntry tools/check-napi.js
246 silly gunzTarPerm extractEntry tools/conversion.js
247 silly gunzTarPerm extractEntry tools/README.md
248 silly gentlyRm /home/marcin/Pulpit/Praca Inżynierska/Server/node_modules/.staging/node-addon-api-c40c45da/node_modules is being purged
249 verbose gentlyRm don't care about contents; nuking /home/marcin/Pulpit/Praca Inżynierska/Server/node_modules/.staging/node-addon-api-c40c45da/node_modules
250 silly doParallel preinstall 2
251 silly preinstall node-addon-api@1.6.3 /home/marcin/Pulpit/Praca Inżynierska/Server/node_modules/.staging/node-addon-api-c40c45da
252 info lifecycle node-addon-api@1.6.3~preinstall: node-addon-api@1.6.3
253 silly preinstall node-dht-sensor@0.3.0 /home/marcin/Pulpit/Praca Inżynierska/Server/node_modules/.staging/node-dht-sensor-cc24b748
254 info lifecycle node-dht-sensor@0.3.0~preinstall: node-dht-sensor@0.3.0
255 silly lifecycle node-addon-api@1.6.3~preinstall: no script for preinstall, continuing
256 silly lifecycle node-dht-sensor@0.3.0~preinstall: no script for preinstall, continuing
257 silly doReverseSerial remove 0
258 silly doSerial move 0
259 silly doSerial finalize 2
260 silly finalize /home/marcin/Pulpit/Praca Inżynierska/Server/node_modules/node-addon-api
261 silly finalize /home/marcin/Pulpit/Praca Inżynierska/Server/node_modules/node-dht-sensor
262 silly doSerial build 2
263 silly build node-addon-api@1.6.3
264 info linkStuff node-addon-api@1.6.3
265 silly linkStuff node-addon-api@1.6.3 has /home/marcin/Pulpit/Praca Inżynierska/Server/node_modules as its parent node_modules
266 verbose linkBins node-addon-api@1.6.3
267 verbose linkMans node-addon-api@1.6.3
268 silly build node-dht-sensor@0.3.0
269 info linkStuff node-dht-sensor@0.3.0
270 silly linkStuff node-dht-sensor@0.3.0 has /home/marcin/Pulpit/Praca Inżynierska/Server/node_modules as its parent node_modules
271 verbose linkBins node-dht-sensor@0.3.0
272 verbose linkMans node-dht-sensor@0.3.0
273 silly doSerial global-link 0
274 silly doParallel update-linked 0
275 silly doSerial install 2
276 silly install node-addon-api@1.6.3 /home/marcin/Pulpit/Praca Inżynierska/Server/node_modules/.staging/node-addon-api-c40c45da
277 info lifecycle node-addon-api@1.6.3~install: node-addon-api@1.6.3
278 silly lifecycle node-addon-api@1.6.3~install: no script for install, continuing
279 silly install node-dht-sensor@0.3.0 /home/marcin/Pulpit/Praca Inżynierska/Server/node_modules/.staging/node-dht-sensor-cc24b748
280 info lifecycle node-dht-sensor@0.3.0~install: node-dht-sensor@0.3.0
281 verbose lifecycle node-dht-sensor@0.3.0~install: unsafe-perm in lifecycle false
282 verbose lifecycle node-dht-sensor@0.3.0~install: PATH: /usr/share/npm/bin/node-gyp-bin:/home/marcin/Pulpit/Praca Inżynierska/Server/node_modules/node-dht-sensor/node_modules/.bin:/home/marcin/Pulpit/Praca Inżynierska/Server/node_modules/.bin:/usr/local/sbin:/usr/local/bin:/usr/sbin:/usr/bin:/sbin:/bin:/snap/bin
283 verbose lifecycle node-dht-sensor@0.3.0~install: CWD: /home/marcin/Pulpit/Praca Inżynierska/Server/node_modules/node-dht-sensor
284 silly lifecycle node-dht-sensor@0.3.0~install: Args: [ '-c', 'node-gyp configure' ]
285 silly lifecycle node-dht-sensor@0.3.0~install: Returned: code: 0  signal: null
286 silly doSerial postinstall 2
287 silly postinstall node-addon-api@1.6.3 /home/marcin/Pulpit/Praca Inżynierska/Server/node_modules/.staging/node-addon-api-c40c45da
288 info lifecycle node-addon-api@1.6.3~postinstall: node-addon-api@1.6.3
289 silly lifecycle node-addon-api@1.6.3~postinstall: no script for postinstall, continuing
290 silly postinstall node-dht-sensor@0.3.0 /home/marcin/Pulpit/Praca Inżynierska/Server/node_modules/.staging/node-dht-sensor-cc24b748
291 info lifecycle node-dht-sensor@0.3.0~postinstall: node-dht-sensor@0.3.0
292 verbose lifecycle node-dht-sensor@0.3.0~postinstall: unsafe-perm in lifecycle false
293 verbose lifecycle node-dht-sensor@0.3.0~postinstall: PATH: /usr/share/npm/bin/node-gyp-bin:/home/marcin/Pulpit/Praca Inżynierska/Server/node_modules/node-dht-sensor/node_modules/.bin:/home/marcin/Pulpit/Praca Inżynierska/Server/node_modules/.bin:/usr/local/sbin:/usr/local/bin:/usr/sbin:/usr/bin:/sbin:/bin:/snap/bin
294 verbose lifecycle node-dht-sensor@0.3.0~postinstall: CWD: /home/marcin/Pulpit/Praca Inżynierska/Server/node_modules/node-dht-sensor
295 silly lifecycle node-dht-sensor@0.3.0~postinstall: Args: [ '-c', 'node-gyp build' ]
296 silly lifecycle node-dht-sensor@0.3.0~postinstall: Returned: code: 1  signal: null
297 info lifecycle node-dht-sensor@0.3.0~postinstall: Failed to exec postinstall script
298 verbose unlock done using /home/marcin/.npm/_locks/staging-b296b91324c9946f.lock for /home/marcin/Pulpit/Praca Inżynierska/Server/node_modules/.staging
299 silly rollbackFailedOptional Starting
300 silly rollbackFailedOptional Finishing
301 silly runTopLevelLifecycles Starting
302 silly runTopLevelLifecycles Finishing
303 silly install printInstalled
304 warn optional Skipping failed optional dependency /chokidar/fsevents:
305 warn notsup Not compatible with your operating system or architecture: fsevents@1.2.9
306 verbose stack Error: node-dht-sensor@0.3.0 postinstall: `node-gyp build`
306 verbose stack Exit status 1
306 verbose stack     at EventEmitter.<anonymous> (/usr/share/npm/lib/utils/lifecycle.js:232:16)
306 verbose stack     at emitTwo (events.js:126:13)
306 verbose stack     at EventEmitter.emit (events.js:214:7)
306 verbose stack     at ChildProcess.<anonymous> (/usr/share/npm/lib/utils/spawn.js:24:14)
306 verbose stack     at emitTwo (events.js:126:13)
306 verbose stack     at ChildProcess.emit (events.js:214:7)
306 verbose stack     at maybeClose (internal/child_process.js:925:16)
306 verbose stack     at Process.ChildProcess._handle.onexit (internal/child_process.js:209:5)
307 verbose pkgid node-dht-sensor@0.3.0
308 verbose cwd /home/marcin/Pulpit/Praca Inżynierska/Server
309 error Linux 4.15.0-52-generic
310 error argv "/usr/bin/node" "/usr/bin/npm" "install" "node-dht-sensor"
311 error node v8.10.0
312 error npm  v3.5.2
313 error code ELIFECYCLE
314 error node-dht-sensor@0.3.0 postinstall: `node-gyp build`
314 error Exit status 1
315 error Failed at the node-dht-sensor@0.3.0 postinstall script 'node-gyp build'.
315 error Make sure you have the latest version of node.js and npm installed.
315 error If you do, this is most likely a problem with the node-dht-sensor package,
315 error not with npm itself.
315 error Tell the author that this fails on your system:
315 error     node-gyp build
315 error You can get information on how to open an issue for this project with:
315 error     npm bugs node-dht-sensor
315 error Or if that isn't available, you can get their info via:
315 error     npm owner ls node-dht-sensor
315 error There is likely additional logging output above.
316 verbose exit [ 1, true ]
